config file path : config.ini
[2021-06-07 20:37:11] Initializing...
FISCO-BCOS Version : 2.7.2
Build Time         : 20210201 10:03:03
Build Type         : Linux/clang/Release
Git Branch         : HEAD
Git Commit Hash    : 4c8a5bbe44c19db8a002017ff9dbb16d3d28e9da
[2021-06-07 20:37:11] The FISCO-BCOS is running...
config file path : config.ini
[2021-06-08 10:49:08] Initializing...
FISCO-BCOS Version : 2.7.2
Build Time         : 20210201 10:03:03
Build Type         : Linux/clang/Release
Git Branch         : HEAD
Git Commit Hash    : 4c8a5bbe44c19db8a002017ff9dbb16d3d28e9da
[2021-06-08 10:49:08] The FISCO-BCOS is running...
config file path : config.ini
[2021-06-09 15:51:36] Initializing...
FISCO-BCOS Version : 2.7.2
Build Time         : 20210201 10:03:03
Build Type         : Linux/clang/Release
Git Branch         : HEAD
Git Commit Hash    : 4c8a5bbe44c19db8a002017ff9dbb16d3d28e9da
[2021-06-09 15:51:36] The FISCO-BCOS is running...
config file path : config.ini
[2021-06-09 21:59:57] Initializing...
FISCO-BCOS Version : 2.7.2
Build Time         : 20210201 10:03:03
Build Type         : Linux/clang/Release
Git Branch         : HEAD
Git Commit Hash    : 4c8a5bbe44c19db8a002017ff9dbb16d3d28e9da
[2021-06-09 21:59:57] The FISCO-BCOS is running...
config file path : config.ini
[2022-04-08 21:27:43] Initializing...
FISCO-BCOS Version : 2.7.2
Build Time         : 20210201 10:03:03
Build Type         : Linux/clang/Release
Git Branch         : HEAD
Git Commit Hash    : 4c8a5bbe44c19db8a002017ff9dbb16d3d28e9da
[2022-04-08 21:27:44] The FISCO-BCOS is running...
