[DEBUG] [2021-05-31 09:59:03] CryptoMaterialConfig.<init>(77) | Load cryptoMaterial, caCertPath: conf/ca.crt, sdkCertPath: conf/sdk.crt, sdkPrivateKeyPath:conf/sdk.key, enSSLCertPath: null, enSSLPrivateKeyPath:null
[DEBUG] [2021-05-31 09:59:03] InternalLoggerFactory.newDefaultFactory(45) | Using SLF4J as the default logging framework
[DEBUG] [2021-05-31 09:59:03] NetUtil.<clinit>(139) | -Djava.net.preferIPv4Stack: false
[DEBUG] [2021-05-31 09:59:03] NetUtil.<clinit>(140) | -Djava.net.preferIPv6Addresses: false
[DEBUG] [2021-05-31 09:59:03] NetUtil.<clinit>(224) | Loopback interface: lo (lo, 0:0:0:0:0:0:0:1%lo)
[DEBUG] [2021-05-31 09:59:03] PlatformDependent0.explicitNoUnsafeCause0(417) | -Dio.netty.noUnsafe: false
[DEBUG] [2021-05-31 09:59:03] PlatformDependent0.javaVersion0(889) | Java version: 8
[DEBUG] [2021-05-31 09:59:03] PlatformDependent0.<clinit>(130) | sun.misc.Unsafe.theUnsafe: available
[DEBUG] [2021-05-31 09:59:03] PlatformDependent0.<clinit>(154) | sun.misc.Unsafe.copyMemory: available
[DEBUG] [2021-05-31 09:59:03] PlatformDependent0.<clinit>(192) | java.nio.Buffer.address: available
[DEBUG] [2021-05-31 09:59:03] PlatformDependent0.<clinit>(257) | direct buffer constructor: available
[DEBUG] [2021-05-31 09:59:03] PlatformDependent0.<clinit>(331) | java.nio.Bits.unaligned: available, true
[DEBUG] [2021-05-31 09:59:03] PlatformDependent0.<clinit>(396) | jdk.internal.misc.Unsafe.allocateUninitializedArray(int): unavailable prior to Java9
[DEBUG] [2021-05-31 09:59:03] PlatformDependent0.<clinit>(403) | java.nio.DirectByteBuffer.<init>(long, int): available
[DEBUG] [2021-05-31 09:59:03] PlatformDependent.unsafeUnavailabilityCause0(1071) | sun.misc.Unsafe: available
[DEBUG] [2021-05-31 09:59:03] PlatformDependent.tmpdir0(1192) | -Dio.netty.tmpdir: /tmp (java.io.tmpdir)
[DEBUG] [2021-05-31 09:59:03] PlatformDependent.bitMode0(1271) | -Dio.netty.bitMode: 64 (sun.arch.data.model)
[DEBUG] [2021-05-31 09:59:03] PlatformDependent.<clinit>(177) | -Dio.netty.maxDirectMemory: 3497525248 bytes
[DEBUG] [2021-05-31 09:59:03] PlatformDependent.<clinit>(184) | -Dio.netty.uninitializedArrayAllocationThreshold: -1
[DEBUG] [2021-05-31 09:59:03] CleanerJava6.<clinit>(92) | java.nio.ByteBuffer.cleaner(): available
[DEBUG] [2021-05-31 09:59:03] PlatformDependent.<clinit>(204) | -Dio.netty.noPreferDirect: false
[DEBUG] [2021-05-31 09:59:03] NetUtil$1.run(271) | /proc/sys/net/core/somaxconn: 128
[DEBUG] [2021-05-31 09:59:03] ThreadPoolConfig.<init>(54) | Init ThreadPoolConfig, channelProcessorThreadSize: 8, receiptProcessorThreadSize: 8, maxBlockingQueueSize: 102400
[INFO] [2021-05-31 09:59:03] BcosSDK.build(58) | create BcosSDK, configPath: /home/wxudong/hzwq/fisco-bcos/console-0.6/conf/config.toml
[DEBUG] [2021-05-31 09:59:03] ResourceLeakDetector.<clinit>(130) | -Dio.netty.leakDetection.level: simple
[DEBUG] [2021-05-31 09:59:03] ResourceLeakDetector.<clinit>(131) | -Dio.netty.leakDetection.targetRecords: 4
[DEBUG] [2021-05-31 09:59:03] ResourceLeakDetectorFactory$DefaultResourceLeakDetectorFactory.newResourceLeakDetector(196) | Loaded default ResourceLeakDetector: io.netty.util.ResourceLeakDetector@90f6bfd
[DEBUG] [2021-05-31 09:59:03] PlatformDependent$Mpsc.<clinit>(932) | org.jctools-core.MpscChunkedArrayQueue: available
[DEBUG] [2021-05-31 09:59:03] InternalThreadLocalMap.<clinit>(56) | -Dio.netty.threadLocalMap.stringBuilder.initialSize: 1024
[DEBUG] [2021-05-31 09:59:03] InternalThreadLocalMap.<clinit>(59) | -Dio.netty.threadLocalMap.stringBuilder.maxSize: 4096
[INFO] [2021-05-31 09:59:03] ConnectionManager.<init>(90) |  all connections, size: 2, list: [ConnectionInfo{host='127.0.0.1', port=20200}, ConnectionInfo{host='127.0.0.1', port=20201}]
[DEBUG] [2021-05-31 09:59:03] NetworkImp.start(159) | start connManager with ECDSA sslContext
[DEBUG] [2021-05-31 09:59:03] ConnectionManager.startConnect(101) |  start connect. 
[DEBUG] [2021-05-31 09:59:03] MultithreadEventLoopGroup.<clinit>(44) | -Dio.netty.eventLoopThreads: 16
[DEBUG] [2021-05-31 09:59:03] NioEventLoop.<clinit>(106) | -Dio.netty.noKeySetOptimization: false
[DEBUG] [2021-05-31 09:59:03] NioEventLoop.<clinit>(107) | -Dio.netty.selectorAutoRebuildThreshold: 512
[INFO] [2021-05-31 09:59:03] ConnectionManager.initSslContext(244) |  build ECDSA ssl context with configured certificates 
[DEBUG] [2021-05-31 09:59:03] AbstractByteBuf.<clinit>(63) | -Dio.netty.buffer.checkAccessible: true
[DEBUG] [2021-05-31 09:59:03] AbstractByteBuf.<clinit>(64) | -Dio.netty.buffer.checkBounds: true
[DEBUG] [2021-05-31 09:59:03] ResourceLeakDetectorFactory$DefaultResourceLeakDetectorFactory.newResourceLeakDetector(196) | Loaded default ResourceLeakDetector: io.netty.util.ResourceLeakDetector@ec756bd
[DEBUG] [2021-05-31 09:59:03] PooledByteBufAllocator.<clinit>(154) | -Dio.netty.allocator.numHeapArenas: 16
[DEBUG] [2021-05-31 09:59:03] PooledByteBufAllocator.<clinit>(155) | -Dio.netty.allocator.numDirectArenas: 16
[DEBUG] [2021-05-31 09:59:03] PooledByteBufAllocator.<clinit>(157) | -Dio.netty.allocator.pageSize: 8192
[DEBUG] [2021-05-31 09:59:03] PooledByteBufAllocator.<clinit>(162) | -Dio.netty.allocator.maxOrder: 11
[DEBUG] [2021-05-31 09:59:03] PooledByteBufAllocator.<clinit>(166) | -Dio.netty.allocator.chunkSize: 16777216
[DEBUG] [2021-05-31 09:59:03] PooledByteBufAllocator.<clinit>(167) | -Dio.netty.allocator.smallCacheSize: 256
[DEBUG] [2021-05-31 09:59:03] PooledByteBufAllocator.<clinit>(168) | -Dio.netty.allocator.normalCacheSize: 64
[DEBUG] [2021-05-31 09:59:03] PooledByteBufAllocator.<clinit>(169) | -Dio.netty.allocator.maxCachedBufferCapacity: 32768
[DEBUG] [2021-05-31 09:59:03] PooledByteBufAllocator.<clinit>(170) | -Dio.netty.allocator.cacheTrimInterval: 8192
[DEBUG] [2021-05-31 09:59:03] PooledByteBufAllocator.<clinit>(171) | -Dio.netty.allocator.cacheTrimIntervalMillis: 0
[DEBUG] [2021-05-31 09:59:03] PooledByteBufAllocator.<clinit>(172) | -Dio.netty.allocator.useCacheForAllThreads: true
[DEBUG] [2021-05-31 09:59:03] PooledByteBufAllocator.<clinit>(173) | -Dio.netty.allocator.maxCachedByteBuffersPerChunk: 1023
[DEBUG] [2021-05-31 09:59:03] ByteBufUtil.<clinit>(87) | -Dio.netty.allocator.type: pooled
[DEBUG] [2021-05-31 09:59:03] ByteBufUtil.<clinit>(96) | -Dio.netty.threadLocalDirectBufferSize: 0
[DEBUG] [2021-05-31 09:59:03] ByteBufUtil.<clinit>(99) | -Dio.netty.maxThreadLocalCharBufferSize: 16384
[DEBUG] [2021-05-31 09:59:03] ResourceLeakDetectorFactory$DefaultResourceLeakDetectorFactory.newResourceLeakDetector(196) | Loaded default ResourceLeakDetector: io.netty.util.ResourceLeakDetector@6ef888f6
[DEBUG] [2021-05-31 09:59:03] NativeLibraryLoader.<clinit>(73) | -Dio.netty.native.workdir: /tmp (io.netty.tmpdir)
[DEBUG] [2021-05-31 09:59:03] NativeLibraryLoader.<clinit>(78) | -Dio.netty.native.deleteLibAfterLoading: true
[DEBUG] [2021-05-31 09:59:03] NativeLibraryLoader.<clinit>(82) | -Dio.netty.native.tryPatchShadedId: true
[DEBUG] [2021-05-31 09:59:03] NativeLibraryLoader.loadLibrary(346) | Unable to load the library 'netty_tcnative_linux_x86_64', trying other loading mechanism.
java.lang.UnsatisfiedLinkError: no netty_tcnative_linux_x86_64 in java.library.path
	at java.lang.ClassLoader.loadLibrary(ClassLoader.java:1860)
	at java.lang.Runtime.loadLibrary0(Runtime.java:870)
	at java.lang.System.loadLibrary(System.java:1124)
	at io.netty.util.internal.NativeLibraryUtil.loadLibrary(NativeLibraryUtil.java:38)
	at sun.reflect.NativeMethodAccessorImpl.invoke0(Native Method)
	at sun.reflect.NativeMethodAccessorImpl.invoke(NativeMethodAccessorImpl.java:62)
	at sun.reflect.DelegatingMethodAccessorImpl.invoke(DelegatingMethodAccessorImpl.java:43)
	at java.lang.reflect.Method.invoke(Method.java:498)
	at io.netty.util.internal.NativeLibraryLoader$1.run(NativeLibraryLoader.java:371)
	at java.security.AccessController.doPrivileged(Native Method)
	at io.netty.util.internal.NativeLibraryLoader.loadLibraryByHelper(NativeLibraryLoader.java:363)
	at io.netty.util.internal.NativeLibraryLoader.loadLibrary(NativeLibraryLoader.java:341)
	at io.netty.util.internal.NativeLibraryLoader.load(NativeLibraryLoader.java:136)
	at io.netty.util.internal.NativeLibraryLoader.loadFirstAvailable(NativeLibraryLoader.java:96)
	at io.netty.handler.ssl.OpenSsl.loadTcNative(OpenSsl.java:590)
	at io.netty.handler.ssl.OpenSsl.<clinit>(OpenSsl.java:136)
	at io.netty.handler.ssl.ReferenceCountedOpenSslContext.<init>(ReferenceCountedOpenSslContext.java:196)
	at io.netty.handler.ssl.ReferenceCountedOpenSslContext.<init>(ReferenceCountedOpenSslContext.java:185)
	at io.netty.handler.ssl.OpenSslContext.<init>(OpenSslContext.java:34)
	at io.netty.handler.ssl.OpenSslClientContext.<init>(OpenSslClientContext.java:189)
	at io.netty.handler.ssl.SslContext.newClientContextInternal(SslContext.java:827)
	at io.netty.handler.ssl.SslContextBuilder.build(SslContextBuilder.java:576)
	at org.fisco.bcos.sdk.network.ConnectionManager.initSslContext(ConnectionManager.java:251)
	at org.fisco.bcos.sdk.network.ConnectionManager.initNetty(ConnectionManager.java:330)
	at org.fisco.bcos.sdk.network.ConnectionManager.startConnect(ConnectionManager.java:103)
	at org.fisco.bcos.sdk.network.NetworkImp.start(NetworkImp.java:160)
	at org.fisco.bcos.sdk.channel.ChannelImp.start(ChannelImp.java:89)
	at org.fisco.bcos.sdk.BcosSDK.<init>(BcosSDK.java:75)
	at org.fisco.bcos.sdk.BcosSDK.build(BcosSDK.java:59)
	at console.ConsoleInitializer.init(ConsoleInitializer.java:57)
	at console.Console.main(Console.java:46)
[DEBUG] [2021-05-31 09:59:03] NativeLibraryLoader.load(141) | netty_tcnative_linux_x86_64 cannot be loaded from java.library.path, now trying export to -Dio.netty.native.workdir: /tmp
java.lang.UnsatisfiedLinkError: no netty_tcnative_linux_x86_64 in java.library.path
	at java.lang.ClassLoader.loadLibrary(ClassLoader.java:1860)
	at java.lang.Runtime.loadLibrary0(Runtime.java:870)
	at java.lang.System.loadLibrary(System.java:1124)
	at io.netty.util.internal.NativeLibraryUtil.loadLibrary(NativeLibraryUtil.java:38)
	at io.netty.util.internal.NativeLibraryLoader.loadLibrary(NativeLibraryLoader.java:351)
	at io.netty.util.internal.NativeLibraryLoader.load(NativeLibraryLoader.java:136)
	at io.netty.util.internal.NativeLibraryLoader.loadFirstAvailable(NativeLibraryLoader.java:96)
	at io.netty.handler.ssl.OpenSsl.loadTcNative(OpenSsl.java:590)
	at io.netty.handler.ssl.OpenSsl.<clinit>(OpenSsl.java:136)
	at io.netty.handler.ssl.ReferenceCountedOpenSslContext.<init>(ReferenceCountedOpenSslContext.java:196)
	at io.netty.handler.ssl.ReferenceCountedOpenSslContext.<init>(ReferenceCountedOpenSslContext.java:185)
	at io.netty.handler.ssl.OpenSslContext.<init>(OpenSslContext.java:34)
	at io.netty.handler.ssl.OpenSslClientContext.<init>(OpenSslClientContext.java:189)
	at io.netty.handler.ssl.SslContext.newClientContextInternal(SslContext.java:827)
	at io.netty.handler.ssl.SslContextBuilder.build(SslContextBuilder.java:576)
	at org.fisco.bcos.sdk.network.ConnectionManager.initSslContext(ConnectionManager.java:251)
	at org.fisco.bcos.sdk.network.ConnectionManager.initNetty(ConnectionManager.java:330)
	at org.fisco.bcos.sdk.network.ConnectionManager.startConnect(ConnectionManager.java:103)
	at org.fisco.bcos.sdk.network.NetworkImp.start(NetworkImp.java:160)
	at org.fisco.bcos.sdk.channel.ChannelImp.start(ChannelImp.java:89)
	at org.fisco.bcos.sdk.BcosSDK.<init>(BcosSDK.java:75)
	at org.fisco.bcos.sdk.BcosSDK.build(BcosSDK.java:59)
	at console.ConsoleInitializer.init(ConsoleInitializer.java:57)
	at console.Console.main(Console.java:46)
	Suppressed: java.lang.UnsatisfiedLinkError: no netty_tcnative_linux_x86_64 in java.library.path
		at java.lang.ClassLoader.loadLibrary(ClassLoader.java:1860)
		at java.lang.Runtime.loadLibrary0(Runtime.java:870)
		at java.lang.System.loadLibrary(System.java:1124)
		at io.netty.util.internal.NativeLibraryUtil.loadLibrary(NativeLibraryUtil.java:38)
		at sun.reflect.NativeMethodAccessorImpl.invoke0(Native Method)
		at sun.reflect.NativeMethodAccessorImpl.invoke(NativeMethodAccessorImpl.java:62)
		at sun.reflect.DelegatingMethodAccessorImpl.invoke(DelegatingMethodAccessorImpl.java:43)
		at java.lang.reflect.Method.invoke(Method.java:498)
		at io.netty.util.internal.NativeLibraryLoader$1.run(NativeLibraryLoader.java:371)
		at java.security.AccessController.doPrivileged(Native Method)
		at io.netty.util.internal.NativeLibraryLoader.loadLibraryByHelper(NativeLibraryLoader.java:363)
		at io.netty.util.internal.NativeLibraryLoader.loadLibrary(NativeLibraryLoader.java:341)
		... 19 more
[DEBUG] [2021-05-31 09:59:03] NativeLibraryLoader.loadLibrary(342) | Successfully loaded the library /tmp/libnetty_tcnative_linux_x86_644353601147197612165.so
[DEBUG] [2021-05-31 09:59:03] OpenSsl.<clinit>(149) | Initialize netty-tcnative using engine: 'default'
[DEBUG] [2021-05-31 09:59:03] OpenSsl.<clinit>(174) | netty-tcnative using native library: OpenSSL/TaSSL 1.0.2o  27 Mar 2018
[DEBUG] [2021-05-31 09:59:03] Recycler.<clinit>(100) | -Dio.netty.recycler.maxCapacityPerThread: 4096
[DEBUG] [2021-05-31 09:59:03] Recycler.<clinit>(101) | -Dio.netty.recycler.maxSharedCapacityFactor: 2
[DEBUG] [2021-05-31 09:59:03] Recycler.<clinit>(102) | -Dio.netty.recycler.linkCapacity: 16
[DEBUG] [2021-05-31 09:59:03] Recycler.<clinit>(103) | -Dio.netty.recycler.ratio: 8
[DEBUG] [2021-05-31 09:59:03] Recycler.<clinit>(104) | -Dio.netty.recycler.delayedQueue.ratio: 8
[DEBUG] [2021-05-31 09:59:03] CipherSuiteConverter.cacheFromOpenSsl(330) | Cipher suite mapping: TLS_ECDHE_RSA_WITH_AES_256_GCM_SHA384 => ECDHE-RSA-AES256-GCM-SHA384
[DEBUG] [2021-05-31 09:59:03] CipherSuiteConverter.cacheFromOpenSsl(331) | Cipher suite mapping: SSL_ECDHE_RSA_WITH_AES_256_GCM_SHA384 => ECDHE-RSA-AES256-GCM-SHA384
[DEBUG] [2021-05-31 09:59:03] CipherSuiteConverter.cacheFromOpenSsl(330) | Cipher suite mapping: TLS_ECDHE_ECDSA_WITH_AES_256_GCM_SHA384 => ECDHE-ECDSA-AES256-GCM-SHA384
[DEBUG] [2021-05-31 09:59:03] CipherSuiteConverter.cacheFromOpenSsl(331) | Cipher suite mapping: SSL_ECDHE_ECDSA_WITH_AES_256_GCM_SHA384 => ECDHE-ECDSA-AES256-GCM-SHA384
[DEBUG] [2021-05-31 09:59:03] CipherSuiteConverter.cacheFromOpenSsl(330) | Cipher suite mapping: TLS_ECDHE_RSA_WITH_AES_256_CBC_SHA384 => ECDHE-RSA-AES256-SHA384
[DEBUG] [2021-05-31 09:59:03] CipherSuiteConverter.cacheFromOpenSsl(331) | Cipher suite mapping: SSL_ECDHE_RSA_WITH_AES_256_CBC_SHA384 => ECDHE-RSA-AES256-SHA384
[DEBUG] [2021-05-31 09:59:03] CipherSuiteConverter.cacheFromOpenSsl(330) | Cipher suite mapping: TLS_ECDHE_ECDSA_WITH_AES_256_CBC_SHA384 => ECDHE-ECDSA-AES256-SHA384
[DEBUG] [2021-05-31 09:59:03] CipherSuiteConverter.cacheFromOpenSsl(331) | Cipher suite mapping: SSL_ECDHE_ECDSA_WITH_AES_256_CBC_SHA384 => ECDHE-ECDSA-AES256-SHA384
[DEBUG] [2021-05-31 09:59:03] CipherSuiteConverter.cacheFromOpenSsl(330) | Cipher suite mapping: TLS_ECDHE_RSA_WITH_AES_256_CBC_SHA => ECDHE-RSA-AES256-SHA
[DEBUG] [2021-05-31 09:59:03] CipherSuiteConverter.cacheFromOpenSsl(331) | Cipher suite mapping: SSL_ECDHE_RSA_WITH_AES_256_CBC_SHA => ECDHE-RSA-AES256-SHA
[DEBUG] [2021-05-31 09:59:03] CipherSuiteConverter.cacheFromOpenSsl(330) | Cipher suite mapping: TLS_ECDHE_ECDSA_WITH_AES_256_CBC_SHA => ECDHE-ECDSA-AES256-SHA
[DEBUG] [2021-05-31 09:59:03] CipherSuiteConverter.cacheFromOpenSsl(331) | Cipher suite mapping: SSL_ECDHE_ECDSA_WITH_AES_256_CBC_SHA => ECDHE-ECDSA-AES256-SHA
[DEBUG] [2021-05-31 09:59:03] CipherSuiteConverter.cacheFromOpenSsl(330) | Cipher suite mapping: TLS_SRP_DSS_WITH_AES_256_CBC_SHA => SRP-DSS-AES-256-CBC-SHA
[DEBUG] [2021-05-31 09:59:03] CipherSuiteConverter.cacheFromOpenSsl(331) | Cipher suite mapping: SSL_SRP_DSS_WITH_AES_256_CBC_SHA => SRP-DSS-AES-256-CBC-SHA
[DEBUG] [2021-05-31 09:59:03] CipherSuiteConverter.cacheFromOpenSsl(330) | Cipher suite mapping: TLS_SRP_RSA_WITH_AES_256_CBC_SHA => SRP-RSA-AES-256-CBC-SHA
[DEBUG] [2021-05-31 09:59:03] CipherSuiteConverter.cacheFromOpenSsl(331) | Cipher suite mapping: SSL_SRP_RSA_WITH_AES_256_CBC_SHA => SRP-RSA-AES-256-CBC-SHA
[DEBUG] [2021-05-31 09:59:03] CipherSuiteConverter.cacheFromOpenSsl(330) | Cipher suite mapping: TLS_SRP_WITH_AES_256_CBC_SHA => SRP-AES-256-CBC-SHA
[DEBUG] [2021-05-31 09:59:03] CipherSuiteConverter.cacheFromOpenSsl(331) | Cipher suite mapping: SSL_SRP_WITH_AES_256_CBC_SHA => SRP-AES-256-CBC-SHA
[DEBUG] [2021-05-31 09:59:03] CipherSuiteConverter.cacheFromOpenSsl(330) | Cipher suite mapping: TLS_RSA_WITH_DH_DSS_AES256_GCM_SHA384 => DH-DSS-AES256-GCM-SHA384
[DEBUG] [2021-05-31 09:59:03] CipherSuiteConverter.cacheFromOpenSsl(331) | Cipher suite mapping: SSL_RSA_WITH_DH_DSS_AES256_GCM_SHA384 => DH-DSS-AES256-GCM-SHA384
[DEBUG] [2021-05-31 09:59:03] CipherSuiteConverter.cacheFromOpenSsl(330) | Cipher suite mapping: TLS_DHE_DSS_WITH_AES_256_GCM_SHA384 => DHE-DSS-AES256-GCM-SHA384
[DEBUG] [2021-05-31 09:59:03] CipherSuiteConverter.cacheFromOpenSsl(331) | Cipher suite mapping: SSL_DHE_DSS_WITH_AES_256_GCM_SHA384 => DHE-DSS-AES256-GCM-SHA384
[DEBUG] [2021-05-31 09:59:03] CipherSuiteConverter.cacheFromOpenSsl(330) | Cipher suite mapping: TLS_RSA_WITH_DH_RSA_AES256_GCM_SHA384 => DH-RSA-AES256-GCM-SHA384
[DEBUG] [2021-05-31 09:59:03] CipherSuiteConverter.cacheFromOpenSsl(331) | Cipher suite mapping: SSL_RSA_WITH_DH_RSA_AES256_GCM_SHA384 => DH-RSA-AES256-GCM-SHA384
[DEBUG] [2021-05-31 09:59:03] CipherSuiteConverter.cacheFromOpenSsl(330) | Cipher suite mapping: TLS_DHE_RSA_WITH_AES_256_GCM_SHA384 => DHE-RSA-AES256-GCM-SHA384
[DEBUG] [2021-05-31 09:59:03] CipherSuiteConverter.cacheFromOpenSsl(331) | Cipher suite mapping: SSL_DHE_RSA_WITH_AES_256_GCM_SHA384 => DHE-RSA-AES256-GCM-SHA384
[DEBUG] [2021-05-31 09:59:03] CipherSuiteConverter.cacheFromOpenSsl(330) | Cipher suite mapping: TLS_DHE_RSA_WITH_AES_256_CBC_SHA256 => DHE-RSA-AES256-SHA256
[DEBUG] [2021-05-31 09:59:03] CipherSuiteConverter.cacheFromOpenSsl(331) | Cipher suite mapping: SSL_DHE_RSA_WITH_AES_256_CBC_SHA256 => DHE-RSA-AES256-SHA256
[DEBUG] [2021-05-31 09:59:03] CipherSuiteConverter.cacheFromOpenSsl(330) | Cipher suite mapping: TLS_DHE_DSS_WITH_AES_256_CBC_SHA256 => DHE-DSS-AES256-SHA256
[DEBUG] [2021-05-31 09:59:03] CipherSuiteConverter.cacheFromOpenSsl(331) | Cipher suite mapping: SSL_DHE_DSS_WITH_AES_256_CBC_SHA256 => DHE-DSS-AES256-SHA256
[DEBUG] [2021-05-31 09:59:03] CipherSuiteConverter.cacheFromOpenSsl(330) | Cipher suite mapping: TLS_RSA_WITH_DH_RSA_AES256_SHA256 => DH-RSA-AES256-SHA256
[DEBUG] [2021-05-31 09:59:03] CipherSuiteConverter.cacheFromOpenSsl(331) | Cipher suite mapping: SSL_RSA_WITH_DH_RSA_AES256_SHA256 => DH-RSA-AES256-SHA256
[DEBUG] [2021-05-31 09:59:03] CipherSuiteConverter.cacheFromOpenSsl(330) | Cipher suite mapping: TLS_RSA_WITH_DH_DSS_AES256_SHA256 => DH-DSS-AES256-SHA256
[DEBUG] [2021-05-31 09:59:03] CipherSuiteConverter.cacheFromOpenSsl(331) | Cipher suite mapping: SSL_RSA_WITH_DH_DSS_AES256_SHA256 => DH-DSS-AES256-SHA256
[DEBUG] [2021-05-31 09:59:03] CipherSuiteConverter.cacheFromOpenSsl(330) | Cipher suite mapping: TLS_DHE_RSA_WITH_AES_256_CBC_SHA => DHE-RSA-AES256-SHA
[DEBUG] [2021-05-31 09:59:03] CipherSuiteConverter.cacheFromOpenSsl(331) | Cipher suite mapping: SSL_DHE_RSA_WITH_AES_256_CBC_SHA => DHE-RSA-AES256-SHA
[DEBUG] [2021-05-31 09:59:03] CipherSuiteConverter.cacheFromOpenSsl(330) | Cipher suite mapping: TLS_DHE_DSS_WITH_AES_256_CBC_SHA => DHE-DSS-AES256-SHA
[DEBUG] [2021-05-31 09:59:03] CipherSuiteConverter.cacheFromOpenSsl(331) | Cipher suite mapping: SSL_DHE_DSS_WITH_AES_256_CBC_SHA => DHE-DSS-AES256-SHA
[DEBUG] [2021-05-31 09:59:03] CipherSuiteConverter.cacheFromOpenSsl(330) | Cipher suite mapping: TLS_RSA_WITH_DH_RSA_AES256_SHA => DH-RSA-AES256-SHA
[DEBUG] [2021-05-31 09:59:03] CipherSuiteConverter.cacheFromOpenSsl(331) | Cipher suite mapping: SSL_RSA_WITH_DH_RSA_AES256_SHA => DH-RSA-AES256-SHA
[DEBUG] [2021-05-31 09:59:03] CipherSuiteConverter.cacheFromOpenSsl(330) | Cipher suite mapping: TLS_RSA_WITH_DH_DSS_AES256_SHA => DH-DSS-AES256-SHA
[DEBUG] [2021-05-31 09:59:03] CipherSuiteConverter.cacheFromOpenSsl(331) | Cipher suite mapping: SSL_RSA_WITH_DH_DSS_AES256_SHA => DH-DSS-AES256-SHA
[DEBUG] [2021-05-31 09:59:03] CipherSuiteConverter.cacheFromOpenSsl(330) | Cipher suite mapping: TLS_DHE_RSA_WITH_CAMELLIA256_SHA => DHE-RSA-CAMELLIA256-SHA
[DEBUG] [2021-05-31 09:59:03] CipherSuiteConverter.cacheFromOpenSsl(331) | Cipher suite mapping: SSL_DHE_RSA_WITH_CAMELLIA256_SHA => DHE-RSA-CAMELLIA256-SHA
[DEBUG] [2021-05-31 09:59:03] CipherSuiteConverter.cacheFromOpenSsl(330) | Cipher suite mapping: TLS_DHE_DSS_WITH_CAMELLIA256_SHA => DHE-DSS-CAMELLIA256-SHA
[DEBUG] [2021-05-31 09:59:03] CipherSuiteConverter.cacheFromOpenSsl(331) | Cipher suite mapping: SSL_DHE_DSS_WITH_CAMELLIA256_SHA => DHE-DSS-CAMELLIA256-SHA
[DEBUG] [2021-05-31 09:59:03] CipherSuiteConverter.cacheFromOpenSsl(330) | Cipher suite mapping: TLS_RSA_WITH_DH_RSA_CAMELLIA256_SHA => DH-RSA-CAMELLIA256-SHA
[DEBUG] [2021-05-31 09:59:03] CipherSuiteConverter.cacheFromOpenSsl(331) | Cipher suite mapping: SSL_RSA_WITH_DH_RSA_CAMELLIA256_SHA => DH-RSA-CAMELLIA256-SHA
[DEBUG] [2021-05-31 09:59:03] CipherSuiteConverter.cacheFromOpenSsl(330) | Cipher suite mapping: TLS_RSA_WITH_DH_DSS_CAMELLIA256_SHA => DH-DSS-CAMELLIA256-SHA
[DEBUG] [2021-05-31 09:59:03] CipherSuiteConverter.cacheFromOpenSsl(331) | Cipher suite mapping: SSL_RSA_WITH_DH_DSS_CAMELLIA256_SHA => DH-DSS-CAMELLIA256-SHA
[DEBUG] [2021-05-31 09:59:03] CipherSuiteConverter.cacheFromOpenSsl(330) | Cipher suite mapping: TLS_ECDH_anon_WITH_AES_256_CBC_SHA => AECDH-AES256-SHA
[DEBUG] [2021-05-31 09:59:03] CipherSuiteConverter.cacheFromOpenSsl(331) | Cipher suite mapping: SSL_ECDH_anon_WITH_AES_256_CBC_SHA => AECDH-AES256-SHA
[DEBUG] [2021-05-31 09:59:03] CipherSuiteConverter.cacheFromOpenSsl(330) | Cipher suite mapping: TLS_DH_anon_WITH_AES_256_GCM_SHA384 => ADH-AES256-GCM-SHA384
[DEBUG] [2021-05-31 09:59:03] CipherSuiteConverter.cacheFromOpenSsl(331) | Cipher suite mapping: SSL_DH_anon_WITH_AES_256_GCM_SHA384 => ADH-AES256-GCM-SHA384
[DEBUG] [2021-05-31 09:59:03] CipherSuiteConverter.cacheFromOpenSsl(330) | Cipher suite mapping: TLS_DH_anon_WITH_AES_256_CBC_SHA256 => ADH-AES256-SHA256
[DEBUG] [2021-05-31 09:59:03] CipherSuiteConverter.cacheFromOpenSsl(331) | Cipher suite mapping: SSL_DH_anon_WITH_AES_256_CBC_SHA256 => ADH-AES256-SHA256
[DEBUG] [2021-05-31 09:59:03] CipherSuiteConverter.cacheFromOpenSsl(330) | Cipher suite mapping: TLS_DH_anon_WITH_AES_256_CBC_SHA => ADH-AES256-SHA
[DEBUG] [2021-05-31 09:59:03] CipherSuiteConverter.cacheFromOpenSsl(331) | Cipher suite mapping: SSL_DH_anon_WITH_AES_256_CBC_SHA => ADH-AES256-SHA
[DEBUG] [2021-05-31 09:59:03] CipherSuiteConverter.cacheFromOpenSsl(330) | Cipher suite mapping: TLS_DH_anon_WITH_CAMELLIA256_SHA => ADH-CAMELLIA256-SHA
[DEBUG] [2021-05-31 09:59:03] CipherSuiteConverter.cacheFromOpenSsl(331) | Cipher suite mapping: SSL_DH_anon_WITH_CAMELLIA256_SHA => ADH-CAMELLIA256-SHA
[DEBUG] [2021-05-31 09:59:03] CipherSuiteConverter.cacheFromOpenSsl(330) | Cipher suite mapping: TLS_ECDH_RSA_WITH_AES_256_GCM_SHA384 => ECDH-RSA-AES256-GCM-SHA384
[DEBUG] [2021-05-31 09:59:03] CipherSuiteConverter.cacheFromOpenSsl(331) | Cipher suite mapping: SSL_ECDH_RSA_WITH_AES_256_GCM_SHA384 => ECDH-RSA-AES256-GCM-SHA384
[DEBUG] [2021-05-31 09:59:03] CipherSuiteConverter.cacheFromOpenSsl(330) | Cipher suite mapping: TLS_ECDH_ECDSA_WITH_AES_256_GCM_SHA384 => ECDH-ECDSA-AES256-GCM-SHA384
[DEBUG] [2021-05-31 09:59:03] CipherSuiteConverter.cacheFromOpenSsl(331) | Cipher suite mapping: SSL_ECDH_ECDSA_WITH_AES_256_GCM_SHA384 => ECDH-ECDSA-AES256-GCM-SHA384
[DEBUG] [2021-05-31 09:59:03] CipherSuiteConverter.cacheFromOpenSsl(330) | Cipher suite mapping: TLS_ECDH_RSA_WITH_AES_256_CBC_SHA384 => ECDH-RSA-AES256-SHA384
[DEBUG] [2021-05-31 09:59:03] CipherSuiteConverter.cacheFromOpenSsl(331) | Cipher suite mapping: SSL_ECDH_RSA_WITH_AES_256_CBC_SHA384 => ECDH-RSA-AES256-SHA384
[DEBUG] [2021-05-31 09:59:03] CipherSuiteConverter.cacheFromOpenSsl(330) | Cipher suite mapping: TLS_ECDH_ECDSA_WITH_AES_256_CBC_SHA384 => ECDH-ECDSA-AES256-SHA384
[DEBUG] [2021-05-31 09:59:03] CipherSuiteConverter.cacheFromOpenSsl(331) | Cipher suite mapping: SSL_ECDH_ECDSA_WITH_AES_256_CBC_SHA384 => ECDH-ECDSA-AES256-SHA384
[DEBUG] [2021-05-31 09:59:03] CipherSuiteConverter.cacheFromOpenSsl(330) | Cipher suite mapping: TLS_ECDH_RSA_WITH_AES_256_CBC_SHA => ECDH-RSA-AES256-SHA
[DEBUG] [2021-05-31 09:59:03] CipherSuiteConverter.cacheFromOpenSsl(331) | Cipher suite mapping: SSL_ECDH_RSA_WITH_AES_256_CBC_SHA => ECDH-RSA-AES256-SHA
[DEBUG] [2021-05-31 09:59:03] CipherSuiteConverter.cacheFromOpenSsl(330) | Cipher suite mapping: TLS_ECDH_ECDSA_WITH_AES_256_CBC_SHA => ECDH-ECDSA-AES256-SHA
[DEBUG] [2021-05-31 09:59:03] CipherSuiteConverter.cacheFromOpenSsl(331) | Cipher suite mapping: SSL_ECDH_ECDSA_WITH_AES_256_CBC_SHA => ECDH-ECDSA-AES256-SHA
[DEBUG] [2021-05-31 09:59:03] CipherSuiteConverter.cacheFromOpenSsl(330) | Cipher suite mapping: TLS_RSA_WITH_AES_256_GCM_SHA384 => AES256-GCM-SHA384
[DEBUG] [2021-05-31 09:59:03] CipherSuiteConverter.cacheFromOpenSsl(331) | Cipher suite mapping: SSL_RSA_WITH_AES_256_GCM_SHA384 => AES256-GCM-SHA384
[DEBUG] [2021-05-31 09:59:03] CipherSuiteConverter.cacheFromOpenSsl(330) | Cipher suite mapping: TLS_RSA_WITH_AES_256_CBC_SHA256 => AES256-SHA256
[DEBUG] [2021-05-31 09:59:03] CipherSuiteConverter.cacheFromOpenSsl(331) | Cipher suite mapping: SSL_RSA_WITH_AES_256_CBC_SHA256 => AES256-SHA256
[DEBUG] [2021-05-31 09:59:03] CipherSuiteConverter.cacheFromOpenSsl(330) | Cipher suite mapping: TLS_RSA_WITH_AES_256_CBC_SHA => AES256-SHA
[DEBUG] [2021-05-31 09:59:03] CipherSuiteConverter.cacheFromOpenSsl(331) | Cipher suite mapping: SSL_RSA_WITH_AES_256_CBC_SHA => AES256-SHA
[DEBUG] [2021-05-31 09:59:03] CipherSuiteConverter.cacheFromOpenSsl(330) | Cipher suite mapping: TLS_RSA_WITH_CAMELLIA256_SHA => CAMELLIA256-SHA
[DEBUG] [2021-05-31 09:59:03] CipherSuiteConverter.cacheFromOpenSsl(331) | Cipher suite mapping: SSL_RSA_WITH_CAMELLIA256_SHA => CAMELLIA256-SHA
[DEBUG] [2021-05-31 09:59:03] CipherSuiteConverter.cacheFromOpenSsl(330) | Cipher suite mapping: TLS_PSK_WITH_AES_256_CBC_SHA => PSK-AES256-CBC-SHA
[DEBUG] [2021-05-31 09:59:03] CipherSuiteConverter.cacheFromOpenSsl(331) | Cipher suite mapping: SSL_PSK_WITH_AES_256_CBC_SHA => PSK-AES256-CBC-SHA
[DEBUG] [2021-05-31 09:59:03] CipherSuiteConverter.cacheFromOpenSsl(330) | Cipher suite mapping: TLS_ECDHE_RSA_WITH_AES_128_GCM_SHA256 => ECDHE-RSA-AES128-GCM-SHA256
[DEBUG] [2021-05-31 09:59:03] CipherSuiteConverter.cacheFromOpenSsl(331) | Cipher suite mapping: SSL_ECDHE_RSA_WITH_AES_128_GCM_SHA256 => ECDHE-RSA-AES128-GCM-SHA256
[DEBUG] [2021-05-31 09:59:03] CipherSuiteConverter.cacheFromOpenSsl(330) | Cipher suite mapping: TLS_ECDHE_ECDSA_WITH_AES_128_GCM_SHA256 => ECDHE-ECDSA-AES128-GCM-SHA256
[DEBUG] [2021-05-31 09:59:03] CipherSuiteConverter.cacheFromOpenSsl(331) | Cipher suite mapping: SSL_ECDHE_ECDSA_WITH_AES_128_GCM_SHA256 => ECDHE-ECDSA-AES128-GCM-SHA256
[DEBUG] [2021-05-31 09:59:03] CipherSuiteConverter.cacheFromOpenSsl(330) | Cipher suite mapping: TLS_ECDHE_RSA_WITH_AES_128_CBC_SHA256 => ECDHE-RSA-AES128-SHA256
[DEBUG] [2021-05-31 09:59:03] CipherSuiteConverter.cacheFromOpenSsl(331) | Cipher suite mapping: SSL_ECDHE_RSA_WITH_AES_128_CBC_SHA256 => ECDHE-RSA-AES128-SHA256
[DEBUG] [2021-05-31 09:59:03] CipherSuiteConverter.cacheFromOpenSsl(330) | Cipher suite mapping: TLS_ECDHE_ECDSA_WITH_AES_128_CBC_SHA256 => ECDHE-ECDSA-AES128-SHA256
[DEBUG] [2021-05-31 09:59:03] CipherSuiteConverter.cacheFromOpenSsl(331) | Cipher suite mapping: SSL_ECDHE_ECDSA_WITH_AES_128_CBC_SHA256 => ECDHE-ECDSA-AES128-SHA256
[DEBUG] [2021-05-31 09:59:03] CipherSuiteConverter.cacheFromOpenSsl(330) | Cipher suite mapping: TLS_ECDHE_RSA_WITH_AES_128_CBC_SHA => ECDHE-RSA-AES128-SHA
[DEBUG] [2021-05-31 09:59:03] CipherSuiteConverter.cacheFromOpenSsl(331) | Cipher suite mapping: SSL_ECDHE_RSA_WITH_AES_128_CBC_SHA => ECDHE-RSA-AES128-SHA
[DEBUG] [2021-05-31 09:59:03] CipherSuiteConverter.cacheFromOpenSsl(330) | Cipher suite mapping: TLS_ECDHE_ECDSA_WITH_AES_128_CBC_SHA => ECDHE-ECDSA-AES128-SHA
[DEBUG] [2021-05-31 09:59:03] CipherSuiteConverter.cacheFromOpenSsl(331) | Cipher suite mapping: SSL_ECDHE_ECDSA_WITH_AES_128_CBC_SHA => ECDHE-ECDSA-AES128-SHA
[DEBUG] [2021-05-31 09:59:03] CipherSuiteConverter.cacheFromOpenSsl(330) | Cipher suite mapping: TLS_SRP_DSS_WITH_AES_128_CBC_SHA => SRP-DSS-AES-128-CBC-SHA
[DEBUG] [2021-05-31 09:59:03] CipherSuiteConverter.cacheFromOpenSsl(331) | Cipher suite mapping: SSL_SRP_DSS_WITH_AES_128_CBC_SHA => SRP-DSS-AES-128-CBC-SHA
[DEBUG] [2021-05-31 09:59:03] CipherSuiteConverter.cacheFromOpenSsl(330) | Cipher suite mapping: TLS_SRP_RSA_WITH_AES_128_CBC_SHA => SRP-RSA-AES-128-CBC-SHA
[DEBUG] [2021-05-31 09:59:03] CipherSuiteConverter.cacheFromOpenSsl(331) | Cipher suite mapping: SSL_SRP_RSA_WITH_AES_128_CBC_SHA => SRP-RSA-AES-128-CBC-SHA
[DEBUG] [2021-05-31 09:59:03] CipherSuiteConverter.cacheFromOpenSsl(330) | Cipher suite mapping: TLS_SRP_WITH_AES_128_CBC_SHA => SRP-AES-128-CBC-SHA
[DEBUG] [2021-05-31 09:59:03] CipherSuiteConverter.cacheFromOpenSsl(331) | Cipher suite mapping: SSL_SRP_WITH_AES_128_CBC_SHA => SRP-AES-128-CBC-SHA
[DEBUG] [2021-05-31 09:59:03] CipherSuiteConverter.cacheFromOpenSsl(330) | Cipher suite mapping: TLS_RSA_WITH_DH_DSS_AES128_GCM_SHA256 => DH-DSS-AES128-GCM-SHA256
[DEBUG] [2021-05-31 09:59:03] CipherSuiteConverter.cacheFromOpenSsl(331) | Cipher suite mapping: SSL_RSA_WITH_DH_DSS_AES128_GCM_SHA256 => DH-DSS-AES128-GCM-SHA256
[DEBUG] [2021-05-31 09:59:03] CipherSuiteConverter.cacheFromOpenSsl(330) | Cipher suite mapping: TLS_DHE_DSS_WITH_AES_128_GCM_SHA256 => DHE-DSS-AES128-GCM-SHA256
[DEBUG] [2021-05-31 09:59:03] CipherSuiteConverter.cacheFromOpenSsl(331) | Cipher suite mapping: SSL_DHE_DSS_WITH_AES_128_GCM_SHA256 => DHE-DSS-AES128-GCM-SHA256
[DEBUG] [2021-05-31 09:59:03] CipherSuiteConverter.cacheFromOpenSsl(330) | Cipher suite mapping: TLS_RSA_WITH_DH_RSA_AES128_GCM_SHA256 => DH-RSA-AES128-GCM-SHA256
[DEBUG] [2021-05-31 09:59:03] CipherSuiteConverter.cacheFromOpenSsl(331) | Cipher suite mapping: SSL_RSA_WITH_DH_RSA_AES128_GCM_SHA256 => DH-RSA-AES128-GCM-SHA256
[DEBUG] [2021-05-31 09:59:03] CipherSuiteConverter.cacheFromOpenSsl(330) | Cipher suite mapping: TLS_DHE_RSA_WITH_AES_128_GCM_SHA256 => DHE-RSA-AES128-GCM-SHA256
[DEBUG] [2021-05-31 09:59:03] CipherSuiteConverter.cacheFromOpenSsl(331) | Cipher suite mapping: SSL_DHE_RSA_WITH_AES_128_GCM_SHA256 => DHE-RSA-AES128-GCM-SHA256
[DEBUG] [2021-05-31 09:59:03] CipherSuiteConverter.cacheFromOpenSsl(330) | Cipher suite mapping: TLS_DHE_RSA_WITH_AES_128_CBC_SHA256 => DHE-RSA-AES128-SHA256
[DEBUG] [2021-05-31 09:59:03] CipherSuiteConverter.cacheFromOpenSsl(331) | Cipher suite mapping: SSL_DHE_RSA_WITH_AES_128_CBC_SHA256 => DHE-RSA-AES128-SHA256
[DEBUG] [2021-05-31 09:59:03] CipherSuiteConverter.cacheFromOpenSsl(330) | Cipher suite mapping: TLS_DHE_DSS_WITH_AES_128_CBC_SHA256 => DHE-DSS-AES128-SHA256
[DEBUG] [2021-05-31 09:59:03] CipherSuiteConverter.cacheFromOpenSsl(331) | Cipher suite mapping: SSL_DHE_DSS_WITH_AES_128_CBC_SHA256 => DHE-DSS-AES128-SHA256
[DEBUG] [2021-05-31 09:59:03] CipherSuiteConverter.cacheFromOpenSsl(330) | Cipher suite mapping: TLS_RSA_WITH_DH_RSA_AES128_SHA256 => DH-RSA-AES128-SHA256
[DEBUG] [2021-05-31 09:59:03] CipherSuiteConverter.cacheFromOpenSsl(331) | Cipher suite mapping: SSL_RSA_WITH_DH_RSA_AES128_SHA256 => DH-RSA-AES128-SHA256
[DEBUG] [2021-05-31 09:59:03] CipherSuiteConverter.cacheFromOpenSsl(330) | Cipher suite mapping: TLS_RSA_WITH_DH_DSS_AES128_SHA256 => DH-DSS-AES128-SHA256
[DEBUG] [2021-05-31 09:59:03] CipherSuiteConverter.cacheFromOpenSsl(331) | Cipher suite mapping: SSL_RSA_WITH_DH_DSS_AES128_SHA256 => DH-DSS-AES128-SHA256
[DEBUG] [2021-05-31 09:59:03] CipherSuiteConverter.cacheFromOpenSsl(330) | Cipher suite mapping: TLS_DHE_RSA_WITH_AES_128_CBC_SHA => DHE-RSA-AES128-SHA
[DEBUG] [2021-05-31 09:59:03] CipherSuiteConverter.cacheFromOpenSsl(331) | Cipher suite mapping: SSL_DHE_RSA_WITH_AES_128_CBC_SHA => DHE-RSA-AES128-SHA
[DEBUG] [2021-05-31 09:59:03] CipherSuiteConverter.cacheFromOpenSsl(330) | Cipher suite mapping: TLS_DHE_DSS_WITH_AES_128_CBC_SHA => DHE-DSS-AES128-SHA
[DEBUG] [2021-05-31 09:59:03] CipherSuiteConverter.cacheFromOpenSsl(331) | Cipher suite mapping: SSL_DHE_DSS_WITH_AES_128_CBC_SHA => DHE-DSS-AES128-SHA
[DEBUG] [2021-05-31 09:59:03] CipherSuiteConverter.cacheFromOpenSsl(330) | Cipher suite mapping: TLS_RSA_WITH_DH_RSA_AES128_SHA => DH-RSA-AES128-SHA
[DEBUG] [2021-05-31 09:59:03] CipherSuiteConverter.cacheFromOpenSsl(331) | Cipher suite mapping: SSL_RSA_WITH_DH_RSA_AES128_SHA => DH-RSA-AES128-SHA
[DEBUG] [2021-05-31 09:59:03] CipherSuiteConverter.cacheFromOpenSsl(330) | Cipher suite mapping: TLS_RSA_WITH_DH_DSS_AES128_SHA => DH-DSS-AES128-SHA
[DEBUG] [2021-05-31 09:59:03] CipherSuiteConverter.cacheFromOpenSsl(331) | Cipher suite mapping: SSL_RSA_WITH_DH_DSS_AES128_SHA => DH-DSS-AES128-SHA
[DEBUG] [2021-05-31 09:59:03] CipherSuiteConverter.cacheFromOpenSsl(330) | Cipher suite mapping: TLS_RSA_WITH_ECC_SM4_SM3 => ECC-SM4-SM3
[DEBUG] [2021-05-31 09:59:03] CipherSuiteConverter.cacheFromOpenSsl(331) | Cipher suite mapping: SSL_RSA_WITH_ECC_SM4_SM3 => ECC-SM4-SM3
[DEBUG] [2021-05-31 09:59:03] CipherSuiteConverter.cacheFromOpenSsl(330) | Cipher suite mapping: TLS_RSA_WITH_ECDHE_SM4_SM3 => ECDHE-SM4-SM3
[DEBUG] [2021-05-31 09:59:03] CipherSuiteConverter.cacheFromOpenSsl(331) | Cipher suite mapping: SSL_RSA_WITH_ECDHE_SM4_SM3 => ECDHE-SM4-SM3
[DEBUG] [2021-05-31 09:59:03] CipherSuiteConverter.cacheFromOpenSsl(330) | Cipher suite mapping: TLS_DHE_RSA_WITH_SEED_SHA => DHE-RSA-SEED-SHA
[DEBUG] [2021-05-31 09:59:03] CipherSuiteConverter.cacheFromOpenSsl(331) | Cipher suite mapping: SSL_DHE_RSA_WITH_SEED_SHA => DHE-RSA-SEED-SHA
[DEBUG] [2021-05-31 09:59:03] CipherSuiteConverter.cacheFromOpenSsl(330) | Cipher suite mapping: TLS_DHE_DSS_WITH_SEED_SHA => DHE-DSS-SEED-SHA
[DEBUG] [2021-05-31 09:59:03] CipherSuiteConverter.cacheFromOpenSsl(331) | Cipher suite mapping: SSL_DHE_DSS_WITH_SEED_SHA => DHE-DSS-SEED-SHA
[DEBUG] [2021-05-31 09:59:03] CipherSuiteConverter.cacheFromOpenSsl(330) | Cipher suite mapping: TLS_RSA_WITH_DH_RSA_SEED_SHA => DH-RSA-SEED-SHA
[DEBUG] [2021-05-31 09:59:03] CipherSuiteConverter.cacheFromOpenSsl(331) | Cipher suite mapping: SSL_RSA_WITH_DH_RSA_SEED_SHA => DH-RSA-SEED-SHA
[DEBUG] [2021-05-31 09:59:03] CipherSuiteConverter.cacheFromOpenSsl(330) | Cipher suite mapping: TLS_RSA_WITH_DH_DSS_SEED_SHA => DH-DSS-SEED-SHA
[DEBUG] [2021-05-31 09:59:03] CipherSuiteConverter.cacheFromOpenSsl(331) | Cipher suite mapping: SSL_RSA_WITH_DH_DSS_SEED_SHA => DH-DSS-SEED-SHA
[DEBUG] [2021-05-31 09:59:03] CipherSuiteConverter.cacheFromOpenSsl(330) | Cipher suite mapping: TLS_DHE_RSA_WITH_CAMELLIA128_SHA => DHE-RSA-CAMELLIA128-SHA
[DEBUG] [2021-05-31 09:59:03] CipherSuiteConverter.cacheFromOpenSsl(331) | Cipher suite mapping: SSL_DHE_RSA_WITH_CAMELLIA128_SHA => DHE-RSA-CAMELLIA128-SHA
[DEBUG] [2021-05-31 09:59:03] CipherSuiteConverter.cacheFromOpenSsl(330) | Cipher suite mapping: TLS_DHE_DSS_WITH_CAMELLIA128_SHA => DHE-DSS-CAMELLIA128-SHA
[DEBUG] [2021-05-31 09:59:03] CipherSuiteConverter.cacheFromOpenSsl(331) | Cipher suite mapping: SSL_DHE_DSS_WITH_CAMELLIA128_SHA => DHE-DSS-CAMELLIA128-SHA
[DEBUG] [2021-05-31 09:59:03] CipherSuiteConverter.cacheFromOpenSsl(330) | Cipher suite mapping: TLS_RSA_WITH_DH_RSA_CAMELLIA128_SHA => DH-RSA-CAMELLIA128-SHA
[DEBUG] [2021-05-31 09:59:03] CipherSuiteConverter.cacheFromOpenSsl(331) | Cipher suite mapping: SSL_RSA_WITH_DH_RSA_CAMELLIA128_SHA => DH-RSA-CAMELLIA128-SHA
[DEBUG] [2021-05-31 09:59:03] CipherSuiteConverter.cacheFromOpenSsl(330) | Cipher suite mapping: TLS_RSA_WITH_DH_DSS_CAMELLIA128_SHA => DH-DSS-CAMELLIA128-SHA
[DEBUG] [2021-05-31 09:59:03] CipherSuiteConverter.cacheFromOpenSsl(331) | Cipher suite mapping: SSL_RSA_WITH_DH_DSS_CAMELLIA128_SHA => DH-DSS-CAMELLIA128-SHA
[DEBUG] [2021-05-31 09:59:03] CipherSuiteConverter.cacheFromOpenSsl(330) | Cipher suite mapping: TLS_ECDH_anon_WITH_AES_128_CBC_SHA => AECDH-AES128-SHA
[DEBUG] [2021-05-31 09:59:03] CipherSuiteConverter.cacheFromOpenSsl(331) | Cipher suite mapping: SSL_ECDH_anon_WITH_AES_128_CBC_SHA => AECDH-AES128-SHA
[DEBUG] [2021-05-31 09:59:03] CipherSuiteConverter.cacheFromOpenSsl(330) | Cipher suite mapping: TLS_DH_anon_WITH_AES_128_GCM_SHA256 => ADH-AES128-GCM-SHA256
[DEBUG] [2021-05-31 09:59:03] CipherSuiteConverter.cacheFromOpenSsl(331) | Cipher suite mapping: SSL_DH_anon_WITH_AES_128_GCM_SHA256 => ADH-AES128-GCM-SHA256
[DEBUG] [2021-05-31 09:59:03] CipherSuiteConverter.cacheFromOpenSsl(330) | Cipher suite mapping: TLS_DH_anon_WITH_AES_128_CBC_SHA256 => ADH-AES128-SHA256
[DEBUG] [2021-05-31 09:59:03] CipherSuiteConverter.cacheFromOpenSsl(331) | Cipher suite mapping: SSL_DH_anon_WITH_AES_128_CBC_SHA256 => ADH-AES128-SHA256
[DEBUG] [2021-05-31 09:59:03] CipherSuiteConverter.cacheFromOpenSsl(330) | Cipher suite mapping: TLS_DH_anon_WITH_AES_128_CBC_SHA => ADH-AES128-SHA
[DEBUG] [2021-05-31 09:59:03] CipherSuiteConverter.cacheFromOpenSsl(331) | Cipher suite mapping: SSL_DH_anon_WITH_AES_128_CBC_SHA => ADH-AES128-SHA
[DEBUG] [2021-05-31 09:59:03] CipherSuiteConverter.cacheFromOpenSsl(330) | Cipher suite mapping: TLS_DH_anon_WITH_SEED_SHA => ADH-SEED-SHA
[DEBUG] [2021-05-31 09:59:03] CipherSuiteConverter.cacheFromOpenSsl(331) | Cipher suite mapping: SSL_DH_anon_WITH_SEED_SHA => ADH-SEED-SHA
[DEBUG] [2021-05-31 09:59:03] CipherSuiteConverter.cacheFromOpenSsl(330) | Cipher suite mapping: TLS_DH_anon_WITH_CAMELLIA128_SHA => ADH-CAMELLIA128-SHA
[DEBUG] [2021-05-31 09:59:03] CipherSuiteConverter.cacheFromOpenSsl(331) | Cipher suite mapping: SSL_DH_anon_WITH_CAMELLIA128_SHA => ADH-CAMELLIA128-SHA
[DEBUG] [2021-05-31 09:59:03] CipherSuiteConverter.cacheFromOpenSsl(330) | Cipher suite mapping: TLS_ECDH_RSA_WITH_AES_128_GCM_SHA256 => ECDH-RSA-AES128-GCM-SHA256
[DEBUG] [2021-05-31 09:59:03] CipherSuiteConverter.cacheFromOpenSsl(331) | Cipher suite mapping: SSL_ECDH_RSA_WITH_AES_128_GCM_SHA256 => ECDH-RSA-AES128-GCM-SHA256
[DEBUG] [2021-05-31 09:59:03] CipherSuiteConverter.cacheFromOpenSsl(330) | Cipher suite mapping: TLS_ECDH_ECDSA_WITH_AES_128_GCM_SHA256 => ECDH-ECDSA-AES128-GCM-SHA256
[DEBUG] [2021-05-31 09:59:03] CipherSuiteConverter.cacheFromOpenSsl(331) | Cipher suite mapping: SSL_ECDH_ECDSA_WITH_AES_128_GCM_SHA256 => ECDH-ECDSA-AES128-GCM-SHA256
[DEBUG] [2021-05-31 09:59:03] CipherSuiteConverter.cacheFromOpenSsl(330) | Cipher suite mapping: TLS_ECDH_RSA_WITH_AES_128_CBC_SHA256 => ECDH-RSA-AES128-SHA256
[DEBUG] [2021-05-31 09:59:03] CipherSuiteConverter.cacheFromOpenSsl(331) | Cipher suite mapping: SSL_ECDH_RSA_WITH_AES_128_CBC_SHA256 => ECDH-RSA-AES128-SHA256
[DEBUG] [2021-05-31 09:59:03] CipherSuiteConverter.cacheFromOpenSsl(330) | Cipher suite mapping: TLS_ECDH_ECDSA_WITH_AES_128_CBC_SHA256 => ECDH-ECDSA-AES128-SHA256
[DEBUG] [2021-05-31 09:59:03] CipherSuiteConverter.cacheFromOpenSsl(331) | Cipher suite mapping: SSL_ECDH_ECDSA_WITH_AES_128_CBC_SHA256 => ECDH-ECDSA-AES128-SHA256
[DEBUG] [2021-05-31 09:59:03] CipherSuiteConverter.cacheFromOpenSsl(330) | Cipher suite mapping: TLS_ECDH_RSA_WITH_AES_128_CBC_SHA => ECDH-RSA-AES128-SHA
[DEBUG] [2021-05-31 09:59:03] CipherSuiteConverter.cacheFromOpenSsl(331) | Cipher suite mapping: SSL_ECDH_RSA_WITH_AES_128_CBC_SHA => ECDH-RSA-AES128-SHA
[DEBUG] [2021-05-31 09:59:03] CipherSuiteConverter.cacheFromOpenSsl(330) | Cipher suite mapping: TLS_ECDH_ECDSA_WITH_AES_128_CBC_SHA => ECDH-ECDSA-AES128-SHA
[DEBUG] [2021-05-31 09:59:03] CipherSuiteConverter.cacheFromOpenSsl(331) | Cipher suite mapping: SSL_ECDH_ECDSA_WITH_AES_128_CBC_SHA => ECDH-ECDSA-AES128-SHA
[DEBUG] [2021-05-31 09:59:03] CipherSuiteConverter.cacheFromOpenSsl(330) | Cipher suite mapping: TLS_RSA_WITH_AES_128_GCM_SHA256 => AES128-GCM-SHA256
[DEBUG] [2021-05-31 09:59:03] CipherSuiteConverter.cacheFromOpenSsl(331) | Cipher suite mapping: SSL_RSA_WITH_AES_128_GCM_SHA256 => AES128-GCM-SHA256
[DEBUG] [2021-05-31 09:59:03] CipherSuiteConverter.cacheFromOpenSsl(330) | Cipher suite mapping: TLS_RSA_WITH_AES_128_CBC_SHA256 => AES128-SHA256
[DEBUG] [2021-05-31 09:59:03] CipherSuiteConverter.cacheFromOpenSsl(331) | Cipher suite mapping: SSL_RSA_WITH_AES_128_CBC_SHA256 => AES128-SHA256
[DEBUG] [2021-05-31 09:59:03] CipherSuiteConverter.cacheFromOpenSsl(330) | Cipher suite mapping: TLS_RSA_WITH_AES_128_CBC_SHA => AES128-SHA
[DEBUG] [2021-05-31 09:59:03] CipherSuiteConverter.cacheFromOpenSsl(331) | Cipher suite mapping: SSL_RSA_WITH_AES_128_CBC_SHA => AES128-SHA
[DEBUG] [2021-05-31 09:59:03] CipherSuiteConverter.cacheFromOpenSsl(330) | Cipher suite mapping: TLS_RSA_WITH_SEED_SHA => SEED-SHA
[DEBUG] [2021-05-31 09:59:03] CipherSuiteConverter.cacheFromOpenSsl(331) | Cipher suite mapping: SSL_RSA_WITH_SEED_SHA => SEED-SHA
[DEBUG] [2021-05-31 09:59:03] CipherSuiteConverter.cacheFromOpenSsl(330) | Cipher suite mapping: TLS_RSA_WITH_CAMELLIA128_SHA => CAMELLIA128-SHA
[DEBUG] [2021-05-31 09:59:03] CipherSuiteConverter.cacheFromOpenSsl(331) | Cipher suite mapping: SSL_RSA_WITH_CAMELLIA128_SHA => CAMELLIA128-SHA
[DEBUG] [2021-05-31 09:59:03] CipherSuiteConverter.cacheFromOpenSsl(330) | Cipher suite mapping: TLS_RSA_WITH_IDEA_CBC_SHA => IDEA-CBC-SHA
[DEBUG] [2021-05-31 09:59:03] CipherSuiteConverter.cacheFromOpenSsl(331) | Cipher suite mapping: SSL_RSA_WITH_IDEA_CBC_SHA => IDEA-CBC-SHA
[DEBUG] [2021-05-31 09:59:03] CipherSuiteConverter.cacheFromOpenSsl(330) | Cipher suite mapping: TLS_PSK_WITH_AES_128_CBC_SHA => PSK-AES128-CBC-SHA
[DEBUG] [2021-05-31 09:59:03] CipherSuiteConverter.cacheFromOpenSsl(331) | Cipher suite mapping: SSL_PSK_WITH_AES_128_CBC_SHA => PSK-AES128-CBC-SHA
[DEBUG] [2021-05-31 09:59:03] CipherSuiteConverter.cacheFromOpenSsl(330) | Cipher suite mapping: TLS_ECDHE_RSA_WITH_RC4_128_SHA => ECDHE-RSA-RC4-SHA
[DEBUG] [2021-05-31 09:59:03] CipherSuiteConverter.cacheFromOpenSsl(331) | Cipher suite mapping: SSL_ECDHE_RSA_WITH_RC4_128_SHA => ECDHE-RSA-RC4-SHA
[DEBUG] [2021-05-31 09:59:03] CipherSuiteConverter.cacheFromOpenSsl(330) | Cipher suite mapping: TLS_ECDHE_ECDSA_WITH_RC4_128_SHA => ECDHE-ECDSA-RC4-SHA
[DEBUG] [2021-05-31 09:59:03] CipherSuiteConverter.cacheFromOpenSsl(331) | Cipher suite mapping: SSL_ECDHE_ECDSA_WITH_RC4_128_SHA => ECDHE-ECDSA-RC4-SHA
[DEBUG] [2021-05-31 09:59:03] CipherSuiteConverter.cacheFromOpenSsl(330) | Cipher suite mapping: TLS_ECDH_anon_WITH_RC4_128_SHA => AECDH-RC4-SHA
[DEBUG] [2021-05-31 09:59:03] CipherSuiteConverter.cacheFromOpenSsl(331) | Cipher suite mapping: SSL_ECDH_anon_WITH_RC4_128_SHA => AECDH-RC4-SHA
[DEBUG] [2021-05-31 09:59:03] CipherSuiteConverter.cacheFromOpenSsl(330) | Cipher suite mapping: TLS_DH_anon_WITH_RC4_128_MD5 => ADH-RC4-MD5
[DEBUG] [2021-05-31 09:59:03] CipherSuiteConverter.cacheFromOpenSsl(331) | Cipher suite mapping: SSL_DH_anon_WITH_RC4_128_MD5 => ADH-RC4-MD5
[DEBUG] [2021-05-31 09:59:03] CipherSuiteConverter.cacheFromOpenSsl(330) | Cipher suite mapping: TLS_ECDH_RSA_WITH_RC4_128_SHA => ECDH-RSA-RC4-SHA
[DEBUG] [2021-05-31 09:59:03] CipherSuiteConverter.cacheFromOpenSsl(331) | Cipher suite mapping: SSL_ECDH_RSA_WITH_RC4_128_SHA => ECDH-RSA-RC4-SHA
[DEBUG] [2021-05-31 09:59:03] CipherSuiteConverter.cacheFromOpenSsl(330) | Cipher suite mapping: TLS_ECDH_ECDSA_WITH_RC4_128_SHA => ECDH-ECDSA-RC4-SHA
[DEBUG] [2021-05-31 09:59:03] CipherSuiteConverter.cacheFromOpenSsl(331) | Cipher suite mapping: SSL_ECDH_ECDSA_WITH_RC4_128_SHA => ECDH-ECDSA-RC4-SHA
[DEBUG] [2021-05-31 09:59:03] CipherSuiteConverter.cacheFromOpenSsl(330) | Cipher suite mapping: TLS_RSA_WITH_RC4_128_SHA => RC4-SHA
[DEBUG] [2021-05-31 09:59:03] CipherSuiteConverter.cacheFromOpenSsl(331) | Cipher suite mapping: SSL_RSA_WITH_RC4_128_SHA => RC4-SHA
[DEBUG] [2021-05-31 09:59:03] CipherSuiteConverter.cacheFromOpenSsl(330) | Cipher suite mapping: TLS_RSA_WITH_RC4_128_MD5 => RC4-MD5
[DEBUG] [2021-05-31 09:59:03] CipherSuiteConverter.cacheFromOpenSsl(331) | Cipher suite mapping: SSL_RSA_WITH_RC4_128_MD5 => RC4-MD5
[DEBUG] [2021-05-31 09:59:03] CipherSuiteConverter.cacheFromOpenSsl(330) | Cipher suite mapping: TLS_PSK_WITH_RC4_128_SHA => PSK-RC4-SHA
[DEBUG] [2021-05-31 09:59:03] CipherSuiteConverter.cacheFromOpenSsl(331) | Cipher suite mapping: SSL_PSK_WITH_RC4_128_SHA => PSK-RC4-SHA
[DEBUG] [2021-05-31 09:59:03] CipherSuiteConverter.cacheFromOpenSsl(330) | Cipher suite mapping: TLS_ECDHE_RSA_WITH_3DES_EDE_CBC_SHA => ECDHE-RSA-DES-CBC3-SHA
[DEBUG] [2021-05-31 09:59:03] CipherSuiteConverter.cacheFromOpenSsl(331) | Cipher suite mapping: SSL_ECDHE_RSA_WITH_3DES_EDE_CBC_SHA => ECDHE-RSA-DES-CBC3-SHA
[DEBUG] [2021-05-31 09:59:03] CipherSuiteConverter.cacheFromOpenSsl(330) | Cipher suite mapping: TLS_ECDHE_ECDSA_WITH_3DES_EDE_CBC_SHA => ECDHE-ECDSA-DES-CBC3-SHA
[DEBUG] [2021-05-31 09:59:03] CipherSuiteConverter.cacheFromOpenSsl(331) | Cipher suite mapping: SSL_ECDHE_ECDSA_WITH_3DES_EDE_CBC_SHA => ECDHE-ECDSA-DES-CBC3-SHA
[DEBUG] [2021-05-31 09:59:03] CipherSuiteConverter.cacheFromOpenSsl(330) | Cipher suite mapping: TLS_SRP_DSS_WITH_3DES_EDE_CBC_SHA => SRP-DSS-3DES-EDE-CBC-SHA
[DEBUG] [2021-05-31 09:59:03] CipherSuiteConverter.cacheFromOpenSsl(331) | Cipher suite mapping: SSL_SRP_DSS_WITH_3DES_EDE_CBC_SHA => SRP-DSS-3DES-EDE-CBC-SHA
[DEBUG] [2021-05-31 09:59:03] CipherSuiteConverter.cacheFromOpenSsl(330) | Cipher suite mapping: TLS_SRP_RSA_WITH_3DES_EDE_CBC_SHA => SRP-RSA-3DES-EDE-CBC-SHA
[DEBUG] [2021-05-31 09:59:03] CipherSuiteConverter.cacheFromOpenSsl(331) | Cipher suite mapping: SSL_SRP_RSA_WITH_3DES_EDE_CBC_SHA => SRP-RSA-3DES-EDE-CBC-SHA
[DEBUG] [2021-05-31 09:59:03] CipherSuiteConverter.cacheFromOpenSsl(330) | Cipher suite mapping: TLS_SRP_WITH_3DES_EDE_CBC_SHA => SRP-3DES-EDE-CBC-SHA
[DEBUG] [2021-05-31 09:59:03] CipherSuiteConverter.cacheFromOpenSsl(331) | Cipher suite mapping: SSL_SRP_WITH_3DES_EDE_CBC_SHA => SRP-3DES-EDE-CBC-SHA
[DEBUG] [2021-05-31 09:59:03] CipherSuiteConverter.cacheFromOpenSsl(330) | Cipher suite mapping: TLS_EDH_RSA_WITH_3DES_EDE_CBC_SHA => EDH-RSA-DES-CBC3-SHA
[DEBUG] [2021-05-31 09:59:03] CipherSuiteConverter.cacheFromOpenSsl(331) | Cipher suite mapping: SSL_EDH_RSA_WITH_3DES_EDE_CBC_SHA => EDH-RSA-DES-CBC3-SHA
[DEBUG] [2021-05-31 09:59:03] CipherSuiteConverter.cacheFromOpenSsl(330) | Cipher suite mapping: TLS_EDH_DSS_WITH_3DES_EDE_CBC_SHA => EDH-DSS-DES-CBC3-SHA
[DEBUG] [2021-05-31 09:59:03] CipherSuiteConverter.cacheFromOpenSsl(331) | Cipher suite mapping: SSL_EDH_DSS_WITH_3DES_EDE_CBC_SHA => EDH-DSS-DES-CBC3-SHA
[DEBUG] [2021-05-31 09:59:03] CipherSuiteConverter.cacheFromOpenSsl(330) | Cipher suite mapping: TLS_RSA_WITH_DH_RSA_DES_CBC3_SHA => DH-RSA-DES-CBC3-SHA
[DEBUG] [2021-05-31 09:59:03] CipherSuiteConverter.cacheFromOpenSsl(331) | Cipher suite mapping: SSL_RSA_WITH_DH_RSA_DES_CBC3_SHA => DH-RSA-DES-CBC3-SHA
[DEBUG] [2021-05-31 09:59:03] CipherSuiteConverter.cacheFromOpenSsl(330) | Cipher suite mapping: TLS_RSA_WITH_DH_DSS_DES_CBC3_SHA => DH-DSS-DES-CBC3-SHA
[DEBUG] [2021-05-31 09:59:03] CipherSuiteConverter.cacheFromOpenSsl(331) | Cipher suite mapping: SSL_RSA_WITH_DH_DSS_DES_CBC3_SHA => DH-DSS-DES-CBC3-SHA
[DEBUG] [2021-05-31 09:59:03] CipherSuiteConverter.cacheFromOpenSsl(330) | Cipher suite mapping: TLS_ECDH_anon_WITH_3DES_EDE_CBC_SHA => AECDH-DES-CBC3-SHA
[DEBUG] [2021-05-31 09:59:03] CipherSuiteConverter.cacheFromOpenSsl(331) | Cipher suite mapping: SSL_ECDH_anon_WITH_3DES_EDE_CBC_SHA => AECDH-DES-CBC3-SHA
[DEBUG] [2021-05-31 09:59:03] CipherSuiteConverter.cacheFromOpenSsl(330) | Cipher suite mapping: TLS_DH_anon_WITH_3DES_EDE_CBC_SHA => ADH-DES-CBC3-SHA
[DEBUG] [2021-05-31 09:59:03] CipherSuiteConverter.cacheFromOpenSsl(331) | Cipher suite mapping: SSL_DH_anon_WITH_3DES_EDE_CBC_SHA => ADH-DES-CBC3-SHA
[DEBUG] [2021-05-31 09:59:03] CipherSuiteConverter.cacheFromOpenSsl(330) | Cipher suite mapping: TLS_ECDH_RSA_WITH_3DES_EDE_CBC_SHA => ECDH-RSA-DES-CBC3-SHA
[DEBUG] [2021-05-31 09:59:03] CipherSuiteConverter.cacheFromOpenSsl(331) | Cipher suite mapping: SSL_ECDH_RSA_WITH_3DES_EDE_CBC_SHA => ECDH-RSA-DES-CBC3-SHA
[DEBUG] [2021-05-31 09:59:03] CipherSuiteConverter.cacheFromOpenSsl(330) | Cipher suite mapping: TLS_ECDH_ECDSA_WITH_3DES_EDE_CBC_SHA => ECDH-ECDSA-DES-CBC3-SHA
[DEBUG] [2021-05-31 09:59:03] CipherSuiteConverter.cacheFromOpenSsl(331) | Cipher suite mapping: SSL_ECDH_ECDSA_WITH_3DES_EDE_CBC_SHA => ECDH-ECDSA-DES-CBC3-SHA
[DEBUG] [2021-05-31 09:59:03] CipherSuiteConverter.cacheFromOpenSsl(330) | Cipher suite mapping: TLS_RSA_WITH_3DES_EDE_CBC_SHA => DES-CBC3-SHA
[DEBUG] [2021-05-31 09:59:03] CipherSuiteConverter.cacheFromOpenSsl(331) | Cipher suite mapping: SSL_RSA_WITH_3DES_EDE_CBC_SHA => DES-CBC3-SHA
[DEBUG] [2021-05-31 09:59:03] CipherSuiteConverter.cacheFromOpenSsl(330) | Cipher suite mapping: TLS_PSK_WITH_3DES_EDE_CBC_SHA => PSK-3DES-EDE-CBC-SHA
[DEBUG] [2021-05-31 09:59:03] CipherSuiteConverter.cacheFromOpenSsl(331) | Cipher suite mapping: SSL_PSK_WITH_3DES_EDE_CBC_SHA => PSK-3DES-EDE-CBC-SHA
[DEBUG] [2021-05-31 09:59:03] OpenSsl.<clinit>(369) | Supported protocols (OpenSSL): [SSLv2Hello, TLSv1, TLSv1.1, TLSv1.2] 
[DEBUG] [2021-05-31 09:59:03] OpenSsl.<clinit>(370) | Default cipher suites (OpenSSL): [TLS_ECDHE_ECDSA_WITH_AES_256_GCM_SHA384, TLS_ECDHE_ECDSA_WITH_AES_128_GCM_SHA256, TLS_ECDHE_RSA_WITH_AES_128_GCM_SHA256, TLS_ECDHE_RSA_WITH_AES_256_GCM_SHA384, TLS_ECDHE_RSA_WITH_AES_128_CBC_SHA, TLS_ECDHE_RSA_WITH_AES_256_CBC_SHA, TLS_RSA_WITH_AES_128_GCM_SHA256, TLS_RSA_WITH_AES_128_CBC_SHA, TLS_RSA_WITH_AES_256_CBC_SHA]
[DEBUG] [2021-05-31 09:59:03] ResourceLeakDetectorFactory$DefaultResourceLeakDetectorFactory.newResourceLeakDetector(196) | Loaded default ResourceLeakDetector: io.netty.util.ResourceLeakDetector@38c6f217
[DEBUG] [2021-05-31 09:59:03] ConnectionManager.startConnect(108) | startConnect to 127.0.0.1:20200
[DEBUG] [2021-05-31 09:59:03] DefaultChannelId.<clinit>(79) | -Dio.netty.processId: 8683 (auto-detected)
[DEBUG] [2021-05-31 09:59:03] DefaultChannelId.<clinit>(101) | -Dio.netty.machineId: 00:e0:4a:ff:fe:3b:35:cd (auto-detected)
[DEBUG] [2021-05-31 09:59:03] ConnectionManager.startConnect(108) | startConnect to 127.0.0.1:20201
[DEBUG] [2021-05-31 09:59:03] ResourceLeakDetectorFactory$DefaultResourceLeakDetectorFactory.newResourceLeakDetector(196) | Loaded default ResourceLeakDetector: io.netty.util.ResourceLeakDetector@15649fcf
[DEBUG] [2021-05-31 09:59:03] ConnectionManager.startConnect(143) |  start connect end. 
[DEBUG] [2021-05-31 09:59:03] ConnectionManager.startReconnectSchedule(147) |  start reconnect schedule
[DEBUG] [2021-05-31 09:59:04] SslHandler.setHandshakeSuccess(1807) | [id: 0xd0208d46, L:/127.0.0.1:56648 - R:/127.0.0.1:20201] HANDSHAKEN: protocol:TLSv1.2 cipher suite:TLS_ECDHE_ECDSA_WITH_AES_256_GCM_SHA384
[DEBUG] [2021-05-31 09:59:04] SslHandler.setHandshakeSuccess(1807) | [id: 0xc192487e, L:/127.0.0.1:56628 - R:/127.0.0.1:20200] HANDSHAKEN: protocol:TLSv1.2 cipher suite:TLS_ECDHE_ECDSA_WITH_AES_256_GCM_SHA384
[INFO] [2021-05-31 09:59:04] ChannelHandler.userEventTriggered(73) |  handshake success, host: 127.0.0.1, port: 20201, ctx: 238407502
[INFO] [2021-05-31 09:59:04] ChannelHandler.userEventTriggered(73) |  handshake success, host: 127.0.0.1, port: 20200, ctx: 1272850987
[DEBUG] [2021-05-31 09:59:04] ConnectionManager.addConnectionContext(427) | addConnectionContext, endpoint: 127.0.0.1:20201, ctx:ChannelHandlerContext(ChannelHandler#0, [id: 0xd0208d46, L:/127.0.0.1:56648 - R:/127.0.0.1:20201])
[DEBUG] [2021-05-31 09:59:04] ConnectionManager.addConnectionContext(427) | addConnectionContext, endpoint: 127.0.0.1:20200, ctx:ChannelHandlerContext(ChannelHandler#0, [id: 0xc192487e, L:/127.0.0.1:56628 - R:/127.0.0.1:20200])
[DEBUG] [2021-05-31 09:59:04] ChannelMsgHandler.onConnect(112) | onConnect in ChannelMsgHandler called, host : 127.0.0.1:20201
[DEBUG] [2021-05-31 09:59:04] ChannelMsgHandler.onConnect(112) | onConnect in ChannelMsgHandler called, host : 127.0.0.1:20200
[DEBUG] [2021-05-31 09:59:04] ChannelMsgHandler.onMessage(123) | onMessage in ChannelMsgHandler called, host : 127.0.0.1:20201, seq : d682d352997d4cc3b5253b2c5ae18d33, msgType : 18
[DEBUG] [2021-05-31 09:59:04] ChannelMsgHandler.onMessage(123) | onMessage in ChannelMsgHandler called, host : 127.0.0.1:20200, seq : 31d53f216f4a48c48accb918f3eb9958, msgType : 18
[INFO] [2021-05-31 09:59:04] ChannelMsgHandler$1.onResponse(225) |  node: ClientVersion{version='2.7.2', supportedVersion='2.7.2', chainId='1', buildTime='20210201 10:03:03', buildType='Linux/clang/Release', gitBranch='HEAD', gitCommitHash='4c8a5bbe44c19db8a002017ff9dbb16d3d28e9da'}, content: {"id":0,"jsonrpc":"2.0","result":{"Build Time":"20210201 10:03:03","Build Type":"Linux/clang/Release","Chain Id":"1","FISCO-BCOS Version":"2.7.2","Git Branch":"HEAD","Git Commit Hash":"4c8a5bbe44c19db8a002017ff9dbb16d3d28e9da","Supported Version":"2.7.2"}}

[INFO] [2021-05-31 09:59:04] ChannelMsgHandler$1.onResponse(225) |  node: ClientVersion{version='2.7.2', supportedVersion='2.7.2', chainId='1', buildTime='20210201 10:03:03', buildType='Linux/clang/Release', gitBranch='HEAD', gitCommitHash='4c8a5bbe44c19db8a002017ff9dbb16d3d28e9da'}, content: {"id":1,"jsonrpc":"2.0","result":{"Build Time":"20210201 10:03:03","Build Type":"Linux/clang/Release","Chain Id":"1","FISCO-BCOS Version":"2.7.2","Git Branch":"HEAD","Git Commit Hash":"4c8a5bbe44c19db8a002017ff9dbb16d3d28e9da","Supported Version":"2.7.2"}}

[INFO] [2021-05-31 09:59:04] ChannelMsgHandler$1.onResponse(233) |  support channel handshake node
[INFO] [2021-05-31 09:59:04] ChannelMsgHandler$1.onResponse(233) |  support channel handshake node
[DEBUG] [2021-05-31 09:59:04] ChannelMsgHandler.onMessage(123) | onMessage in ChannelMsgHandler called, host : 127.0.0.1:20200, seq : 71f3704a28584879ae20359307a8bfd9, msgType : 20
[DEBUG] [2021-05-31 09:59:04] ChannelMsgHandler.onMessage(123) | onMessage in ChannelMsgHandler called, host : 127.0.0.1:20201, seq : 0948be3ed4ad47de834b9f49eb086b1a, msgType : 20
[INFO] [2021-05-31 09:59:04] ChannelMsgHandler$2.onResponse(309) |  channel protocol handshake success, set socket channel protocol, host: 127.0.0.1:20200, channel protocol: ChannelProtocol [protocol=3, nodeVersion=2.7.2, EnumProtocol=VERSION_3]
[INFO] [2021-05-31 09:59:04] ChannelMsgHandler$2.onResponse(309) |  channel protocol handshake success, set socket channel protocol, host: 127.0.0.1:20201, channel protocol: ChannelProtocol [protocol=3, nodeVersion=2.7.2, EnumProtocol=VERSION_3]
[INFO] [2021-05-31 09:59:04] ChannelImp.checkConnectionsToStartPeriodTask(132) |  Connect to  nodes: 127.0.0.1:20200, 127.0.0.1:20201, java version: 1.8.0_252 ,java vendor: Private Build
[DEBUG] [2021-05-31 09:59:04] ChannelImp.start(92) | Start the channel success
[INFO] [2021-05-31 09:59:04] BcosSDK.<init>(77) | create BcosSDK, start channel success, cryptoType: 0
[DEBUG] [2021-05-31 09:59:04] ThreadPoolService.<init>(37) | Create ThreadPoolService, threadName: channelProcessor, corePoolSize: 8, maxBlockingQueueSize: 102400
[INFO] [2021-05-31 09:59:04] BcosSDK.<init>(87) | create BcosSDK, start channel succ, channelProcessorThreadSize: 8, receiptProcessorThreadSize: 8
[DEBUG] [2021-05-31 09:59:04] ThreadPoolService.<init>(37) | Create ThreadPoolService, threadName: GroupManagerServiceImpl, corePoolSize: 8, maxBlockingQueueSize: 102400
[DEBUG] [2021-05-31 09:59:04] ChannelMsgHandler.onMessage(123) | onMessage in ChannelMsgHandler called, host : 127.0.0.1:20200, seq : dae481398de24439a40ed9e556cd11d9, msgType : 19
[DEBUG] [2021-05-31 09:59:04] ChannelMsgHandler.onMessage(123) | onMessage in ChannelMsgHandler called, host : 127.0.0.1:20201, seq : cc18c5d2c7d945e1bc4f0a932c6bf085, msgType : 19
[INFO] [2021-05-31 09:59:04] GroupManagerServiceImpl.registerBlockNumberNotifyHandler(259) | registerBlockNumberNotifyHandler
[INFO] [2021-05-31 09:59:04] GroupManagerServiceImpl.registerTransactionNotifyHandler(281) | registerTransactionNotifyHandler
[DEBUG] [2021-05-31 09:59:04] ChannelMsgHandler.onMessage(123) | onMessage in ChannelMsgHandler called, host : 127.0.0.1:20200, seq : aa8a202cc05e4d39b6d1ec2293771961, msgType : 18
[DEBUG] [2021-05-31 09:59:04] GroupServiceImpl.<init>(45) | insert group: 1 for peer 127.0.0.1:20200
[DEBUG] [2021-05-31 09:59:04] GroupManagerServiceImpl.getAndUpdateBlockNumberForAllPeers(528) | g: 1, getAndUpdateBlockNumberForAllPeers, group availablePeers:[127.0.0.1:20200]
[DEBUG] [2021-05-31 09:59:04] ChannelMsgHandler.onMessage(123) | onMessage in ChannelMsgHandler called, host : 127.0.0.1:20200, seq : 105c5e9adb0640f1a78b76196e5f9837, msgType : 18
[DEBUG] [2021-05-31 09:59:04] GroupServiceImpl.updatePeersBlockNumberInfo(104) | updatePeersBlockNumberInfo for 127.0.0.1:20200, updated blockNumber: 2, groupId: 1
[DEBUG] [2021-05-31 09:59:04] GroupServiceImpl.updateLatestBlockNumber(127) | g:1, updateLatestBlockNumber, latestBlockNumber: 2, nodeWithLatestBlockNumber:[127.0.0.1:20200]
[DEBUG] [2021-05-31 09:59:04] GroupManagerServiceImpl.fetchAndUpdateBlockNumberInfo(542) | fetch and update the blockNumber information, groupId: 1, peer:127.0.0.1:20200, blockNumber: 2
[DEBUG] [2021-05-31 09:59:04] ChannelMsgHandler.onMessage(123) | onMessage in ChannelMsgHandler called, host : 127.0.0.1:20201, seq : 75607d7ee4d9449db2f6651c85fb4eb4, msgType : 18
[DEBUG] [2021-05-31 09:59:04] GroupServiceImpl.insertNode(84) | g:1, insertNode=127.0.0.1:20201, nodeSize=2, blockNumberInfoSize=1
[DEBUG] [2021-05-31 09:59:04] ChannelMsgHandler.onMessage(123) | onMessage in ChannelMsgHandler called, host : 127.0.0.1:20201, seq : 7a83765dc26b4ab2956e85025830fe40, msgType : 18
[DEBUG] [2021-05-31 09:59:04] GroupServiceImpl.updatePeersBlockNumberInfo(104) | updatePeersBlockNumberInfo for 127.0.0.1:20201, updated blockNumber: 2, groupId: 1
[DEBUG] [2021-05-31 09:59:04] GroupServiceImpl.updateLatestBlockNumber(127) | g:1, updateLatestBlockNumber, latestBlockNumber: 2, nodeWithLatestBlockNumber:[127.0.0.1:20200, 127.0.0.1:20201]
[DEBUG] [2021-05-31 09:59:04] GroupManagerServiceImpl.fetchAndUpdateBlockNumberInfo(542) | fetch and update the blockNumber information, groupId: 1, peer:127.0.0.1:20201, blockNumber: 2
[DEBUG] [2021-05-31 09:59:04] ChannelMsgHandler.onMessage(123) | onMessage in ChannelMsgHandler called, host : 127.0.0.1:20200, seq : 9d8a80107fe54baca159abed26d3ad04, msgType : 18
[DEBUG] [2021-05-31 09:59:04] ChannelMsgHandler.onMessage(123) | onMessage in ChannelMsgHandler called, host : 127.0.0.1:20201, seq : 68585c520af748529baf38a8ed8306a6, msgType : 18
[DEBUG] [2021-05-31 09:59:04] GroupManagerServiceImpl.start(445) | start GroupManagerService...
[INFO] [2021-05-31 09:59:04] BcosSDK.<init>(98) | create BcosSDK, create groupManagerService success
[DEBUG] [2021-05-31 09:59:04] ChannelMsgHandler.onMessage(123) | onMessage in ChannelMsgHandler called, host : 127.0.0.1:20200, seq : 7d8118ee6b8942d89d128d1f01a3f685, msgType : 18
[DEBUG] [2021-05-31 09:59:04] ChannelMsgHandler.onMessage(123) | onMessage in ChannelMsgHandler called, host : 127.0.0.1:20201, seq : 93cf7de73a0146af8499c5915333a42b, msgType : 18
[WARN] [2021-05-31 09:59:04] KeyTool.getMethod(309) | get method for EC5Util failed, method name: convertSpec
[WARN] [2021-05-31 09:59:04] KeyTool.getMethod(309) | get method for EC5Util failed, method name: convertSpec
[WARN] [2021-05-31 09:59:04] KeyTool.getMethod(309) | get method for EC5Util failed, method name: convertSpec
[WARN] [2021-05-31 09:59:05] KeyTool.getMethod(309) | get method for EC5Util failed, method name: convertSpec
[WARN] [2021-05-31 09:59:05] KeyTool.getMethod(309) | get method for EC5Util failed, method name: convertSpec
[WARN] [2021-05-31 09:59:05] KeyTool.getMethod(309) | get method for EC5Util failed, method name: convertSpec
[WARN] [2021-05-31 09:59:05] KeyTool.getMethod(309) | get method for EC5Util failed, method name: convertSpec
[WARN] [2021-05-31 09:59:05] KeyTool.getMethod(309) | get method for EC5Util failed, method name: convertSpec
[WARN] [2021-05-31 09:59:05] KeyTool.getMethod(309) | get method for EC5Util failed, method name: convertSpec
[WARN] [2021-05-31 09:59:05] KeyTool.getMethod(309) | get method for EC5Util failed, method name: convertSpec
[WARN] [2021-05-31 09:59:05] KeyTool.getMethod(309) | get method for EC5Util failed, method name: convertSpec
[WARN] [2021-05-31 09:59:05] KeyTool.getMethod(309) | get method for EC5Util failed, method name: convertSpec
[WARN] [2021-05-31 09:59:05] KeyTool.getMethod(309) | get method for EC5Util failed, method name: convertSpec
[WARN] [2021-05-31 09:59:05] KeyTool.getMethod(309) | get method for EC5Util failed, method name: convertSpec
[WARN] [2021-05-31 09:59:05] KeyTool.getMethod(309) | get method for EC5Util failed, method name: convertSpec
[WARN] [2021-05-31 09:59:05] KeyTool.getMethod(309) | get method for EC5Util failed, method name: convertSpec
[WARN] [2021-05-31 09:59:05] KeyTool.getMethod(309) | get method for EC5Util failed, method name: convertSpec
[WARN] [2021-05-31 09:59:05] KeyTool.getMethod(309) | get method for EC5Util failed, method name: convertSpec
[DEBUG] [2021-05-31 09:59:05] GroupManagerServiceImpl.setAmop(806) | register blockNotify for 127.0.0.1:20200, groupList: [1]
[DEBUG] [2021-05-31 09:59:05] TopicManager.updateBlockNotify(158) | update block notify, peer: 127.0.0.1:20200, groupInfo: [1]
[DEBUG] [2021-05-31 09:59:05] TopicManager.updateBlockNotify(163) | add block notify, peer: 127.0.0.1:20200, topic: _block_notify_1
[INFO] [2021-05-31 09:59:05] AmopImp.sendSubscribe(216) | update subscribe inform 2 peers
[DEBUG] [2021-05-31 09:59:05] AmopImp.updateSubscribeToPeer(238) | update topics to node, node:127.0.0.1:20200, topics:["_block_notify_1"]
[DEBUG] [2021-05-31 09:59:05] AmopImp.updateSubscribeToPeer(238) | update topics to node, node:127.0.0.1:20201, topics:[]
[DEBUG] [2021-05-31 09:59:05] GroupManagerServiceImpl.setAmop(806) | register blockNotify for 127.0.0.1:20201, groupList: [1]
[DEBUG] [2021-05-31 09:59:05] TopicManager.updateBlockNotify(158) | update block notify, peer: 127.0.0.1:20201, groupInfo: [1]
[DEBUG] [2021-05-31 09:59:05] TopicManager.updateBlockNotify(163) | add block notify, peer: 127.0.0.1:20201, topic: _block_notify_1
[INFO] [2021-05-31 09:59:05] AmopImp.sendSubscribe(216) | update subscribe inform 2 peers
[DEBUG] [2021-05-31 09:59:05] AmopImp.updateSubscribeToPeer(238) | update topics to node, node:127.0.0.1:20200, topics:["_block_notify_1"]
[DEBUG] [2021-05-31 09:59:05] AmopImp.updateSubscribeToPeer(238) | update topics to node, node:127.0.0.1:20201, topics:["_block_notify_1"]
[INFO] [2021-05-31 09:59:05] AmopImp.start(188) | amop module started
[INFO] [2021-05-31 09:59:05] AmopImp.sendSubscribe(216) | update subscribe inform 2 peers
[DEBUG] [2021-05-31 09:59:05] AmopImp.updateSubscribeToPeer(238) | update topics to node, node:127.0.0.1:20200, topics:["_block_notify_1"]
[DEBUG] [2021-05-31 09:59:05] AmopImp.updateSubscribeToPeer(238) | update topics to node, node:127.0.0.1:20201, topics:["_block_notify_1"]
[INFO] [2021-05-31 09:59:05] BcosSDK.<init>(103) | create BcosSDK, create Amop success
[DEBUG] [2021-05-31 09:59:05] ChannelMsgHandler.onMessage(123) | onMessage in ChannelMsgHandler called, host : 127.0.0.1:20200, seq : 1ea7e4d0814c408bbaa97a41ff6a944f, msgType : 18
[DEBUG] [2021-05-31 09:59:05] ChannelMsgHandler.onMessage(123) | onMessage in ChannelMsgHandler called, host : 127.0.0.1:20201, seq : 0ecb863f5fb74f8fb5af8931083bd0c4, msgType : 18
[DEBUG] [2021-05-31 09:59:05] ChannelMsgHandler.onMessage(123) | onMessage in ChannelMsgHandler called, host : 127.0.0.1:20200, seq : 622b1a77318c41d88a23cc699fbf9515, msgType : 18
[DEBUG] [2021-05-31 09:59:05] ChannelMsgHandler.onMessage(123) | onMessage in ChannelMsgHandler called, host : 127.0.0.1:20201, seq : 30ce3b43ee0d4146956418979790833b, msgType : 18
[WARN] [2021-05-31 09:59:05] KeyTool.getMethod(309) | get method for EC5Util failed, method name: convertSpec
[WARN] [2021-05-31 09:59:05] KeyTool.getMethod(309) | get method for EC5Util failed, method name: convertSpec
[WARN] [2021-05-31 09:59:05] KeyTool.getMethod(309) | get method for EC5Util failed, method name: convertSpec
[WARN] [2021-05-31 09:59:05] KeyTool.getMethod(309) | get method for EC5Util failed, method name: convertSpec
[WARN] [2021-05-31 09:59:05] KeyTool.getMethod(309) | get method for EC5Util failed, method name: convertSpec
[WARN] [2021-05-31 09:59:05] KeyTool.getMethod(309) | get method for EC5Util failed, method name: convertSpec
[INFO] [2021-05-31 09:59:05] CryptoSuite.<init>(67) | init CryptoSuite, cryptoType: 0
[WARN] [2021-05-31 09:59:05] KeyTool.getMethod(309) | get method for EC5Util failed, method name: convertSpec
[WARN] [2021-05-31 09:59:05] KeyTool.getMethod(309) | get method for EC5Util failed, method name: convertSpec
[INFO] [2021-05-31 09:59:05] Client.build(111) | build client success for group 1
[INFO] [2021-05-31 09:59:05] BcosSDK.getClient(178) | create client for group 1 success
[DEBUG] [2021-05-31 09:59:05] ChannelMsgHandler.onMessage(123) | onMessage in ChannelMsgHandler called, host : 127.0.0.1:20200, seq : 928a1118d0c84c299658b692cd55c5f3, msgType : 18
[DEBUG] [2021-05-31 09:59:05] ChannelMsgHandler.onMessage(123) | onMessage in ChannelMsgHandler called, host : 127.0.0.1:20201, seq : c63700292ae14c808cf035ef1a1e8203, msgType : 18
[DEBUG] [2021-05-31 09:59:05] ConsoleInitializer.loadAccountRandomly(177) | loadAccountRandomly, keyStoreFileDirPath:account/ecdsa
[DEBUG] [2021-05-31 09:59:05] ConsoleInitializer.loadAccountRandomly(186) | load pem account from /home/wxudong/hzwq/fisco-bcos/console-0.6/account/ecdsa/0x718f567ec576a439f3a1146581dbd797d97d15f8.pem
[DEBUG] [2021-05-31 09:59:05] CryptoSuite.loadAccount(125) | Load account from /home/wxudong/hzwq/fisco-bcos/console-0.6/account/ecdsa/0x718f567ec576a439f3a1146581dbd797d97d15f8.pem
[WARN] [2021-05-31 09:59:05] KeyTool.getMethod(309) | get method for EC5Util failed, method name: convertSpec
[WARN] [2021-05-31 09:59:05] KeyTool.getMethod(309) | get method for EC5Util failed, method name: convertSpec
[DEBUG] [2021-05-31 09:59:05] TransactionProcessorFactory.getChainIdAndGroupId(35) | getNodeVersion before createTransactionManager, binaryVerison: 2.7.2, supportedVersion:2.7.2
[DEBUG] [2021-05-31 09:59:05] TransactionProcessorFactory.getChainIdAndGroupId(49) | createTransactionManager for >=rc2 node, chainId: 1, groupId: 1
[DEBUG] [2021-05-31 09:59:05] TransactionProcessorFactory.getChainIdAndGroupId(35) | getNodeVersion before createTransactionManager, binaryVerison: 2.7.2, supportedVersion:2.7.2
[DEBUG] [2021-05-31 09:59:05] TransactionProcessorFactory.getChainIdAndGroupId(49) | createTransactionManager for >=rc2 node, chainId: 1, groupId: 1
[DEBUG] [2021-05-31 09:59:05] TransactionProcessorFactory.getChainIdAndGroupId(35) | getNodeVersion before createTransactionManager, binaryVerison: 2.7.2, supportedVersion:2.7.2
[DEBUG] [2021-05-31 09:59:05] TransactionProcessorFactory.getChainIdAndGroupId(49) | createTransactionManager for >=rc2 node, chainId: 1, groupId: 1
[DEBUG] [2021-05-31 09:59:05] TransactionProcessorFactory.getChainIdAndGroupId(35) | getNodeVersion before createTransactionManager, binaryVerison: 2.7.2, supportedVersion:2.7.2
[DEBUG] [2021-05-31 09:59:05] TransactionProcessorFactory.getChainIdAndGroupId(49) | createTransactionManager for >=rc2 node, chainId: 1, groupId: 1
[DEBUG] [2021-05-31 09:59:05] TransactionProcessorFactory.getChainIdAndGroupId(35) | getNodeVersion before createTransactionManager, binaryVerison: 2.7.2, supportedVersion:2.7.2
[DEBUG] [2021-05-31 09:59:05] TransactionProcessorFactory.getChainIdAndGroupId(49) | createTransactionManager for >=rc2 node, chainId: 1, groupId: 1
[DEBUG] [2021-05-31 09:59:05] TransactionProcessorFactory.getChainIdAndGroupId(35) | getNodeVersion before createTransactionManager, binaryVerison: 2.7.2, supportedVersion:2.7.2
[DEBUG] [2021-05-31 09:59:05] TransactionProcessorFactory.getChainIdAndGroupId(49) | createTransactionManager for >=rc2 node, chainId: 1, groupId: 1
[DEBUG] [2021-05-31 09:59:05] TransactionProcessorFactory.getChainIdAndGroupId(35) | getNodeVersion before createTransactionManager, binaryVerison: 2.7.2, supportedVersion:2.7.2
[DEBUG] [2021-05-31 09:59:05] TransactionProcessorFactory.getChainIdAndGroupId(49) | createTransactionManager for >=rc2 node, chainId: 1, groupId: 1
[DEBUG] [2021-05-31 09:59:05] TransactionProcessorFactory.getChainIdAndGroupId(35) | getNodeVersion before createTransactionManager, binaryVerison: 2.7.2, supportedVersion:2.7.2
[DEBUG] [2021-05-31 09:59:05] TransactionProcessorFactory.getChainIdAndGroupId(49) | createTransactionManager for >=rc2 node, chainId: 1, groupId: 1
[DEBUG] [2021-05-31 09:59:05] TransactionProcessorFactory.getChainIdAndGroupId(35) | getNodeVersion before createTransactionManager, binaryVerison: 2.7.2, supportedVersion:2.7.2
[DEBUG] [2021-05-31 09:59:05] TransactionProcessorFactory.getChainIdAndGroupId(49) | createTransactionManager for >=rc2 node, chainId: 1, groupId: 1
[DEBUG] [2021-05-31 09:59:05] TransactionProcessorFactory.getChainIdAndGroupId(35) | getNodeVersion before createTransactionManager, binaryVerison: 2.7.2, supportedVersion:2.7.2
[DEBUG] [2021-05-31 09:59:05] TransactionProcessorFactory.getChainIdAndGroupId(49) | createTransactionManager for >=rc2 node, chainId: 1, groupId: 1
[DEBUG] [2021-05-31 09:59:06] ChannelMsgHandler.onMessage(123) | onMessage in ChannelMsgHandler called, host : 127.0.0.1:20200, seq : f3014ace26d34a45be6fe57cfe5f3583, msgType : 19
[DEBUG] [2021-05-31 09:59:06] ChannelMsgHandler.onMessage(123) | onMessage in ChannelMsgHandler called, host : 127.0.0.1:20201, seq : 867d0e6871624ce4b137d1cc7a110008, msgType : 19
[DEBUG] [2021-05-31 09:59:08] ChannelMsgHandler.onMessage(123) | onMessage in ChannelMsgHandler called, host : 127.0.0.1:20201, seq : 388f91de7c7c4c22bd4134e98779b6bf, msgType : 19
[DEBUG] [2021-05-31 09:59:08] ChannelMsgHandler.onMessage(123) | onMessage in ChannelMsgHandler called, host : 127.0.0.1:20200, seq : b4187d2f1dfd4224a4762a90e964bf7c, msgType : 19
[DEBUG] [2021-05-31 09:59:10] ChannelMsgHandler.onMessage(123) | onMessage in ChannelMsgHandler called, host : 127.0.0.1:20200, seq : d044903be98f4d9580debfa9a1b65674, msgType : 19
[DEBUG] [2021-05-31 09:59:10] ChannelMsgHandler.onMessage(123) | onMessage in ChannelMsgHandler called, host : 127.0.0.1:20201, seq : 1d97e2cd42e94e9ab37fdf7094d6e73b, msgType : 19
[DEBUG] [2021-05-31 09:59:12] ChannelMsgHandler.onMessage(123) | onMessage in ChannelMsgHandler called, host : 127.0.0.1:20201, seq : bfa7f63a77ff4e3c822dcda86100a16a, msgType : 19
[DEBUG] [2021-05-31 09:59:12] ChannelMsgHandler.onMessage(123) | onMessage in ChannelMsgHandler called, host : 127.0.0.1:20200, seq : 65f64fcba11f4ca28a49bd4356d7e910, msgType : 19
[DEBUG] [2021-05-31 09:59:14] ChannelMsgHandler.onMessage(123) | onMessage in ChannelMsgHandler called, host : 127.0.0.1:20200, seq : 8a40ecd6c54249b3a9a5d0dfecab8dcc, msgType : 19
[DEBUG] [2021-05-31 09:59:14] ChannelMsgHandler.onMessage(123) | onMessage in ChannelMsgHandler called, host : 127.0.0.1:20201, seq : 7ee5f7f80f2641d6b12090c5b172229d, msgType : 19
[DEBUG] [2021-05-31 09:59:16] ChannelMsgHandler.onMessage(123) | onMessage in ChannelMsgHandler called, host : 127.0.0.1:20200, seq : c53bca19784249f893fde3880cedc7c6, msgType : 19
[DEBUG] [2021-05-31 09:59:16] ChannelMsgHandler.onMessage(123) | onMessage in ChannelMsgHandler called, host : 127.0.0.1:20201, seq : 8d3c0f35dd8f463d923c262e80f25bee, msgType : 19
[DEBUG] [2021-05-31 09:59:18] ChannelMsgHandler.onMessage(123) | onMessage in ChannelMsgHandler called, host : 127.0.0.1:20200, seq : 89304e07c03d4b31ac1676dbf0b1b236, msgType : 19
[DEBUG] [2021-05-31 09:59:18] ChannelMsgHandler.onMessage(123) | onMessage in ChannelMsgHandler called, host : 127.0.0.1:20201, seq : ef0f8a9a4f2e44048eb65fdca2cd82aa, msgType : 19
[DEBUG] [2021-05-31 09:59:20] ChannelMsgHandler.onMessage(123) | onMessage in ChannelMsgHandler called, host : 127.0.0.1:20200, seq : 3b4b6c03f18b4358b174026ab55e4410, msgType : 19
[DEBUG] [2021-05-31 09:59:20] ChannelMsgHandler.onMessage(123) | onMessage in ChannelMsgHandler called, host : 127.0.0.1:20201, seq : fd04eedb986b4d05915fec5791b22480, msgType : 19
[DEBUG] [2021-05-31 09:59:22] ChannelMsgHandler.onMessage(123) | onMessage in ChannelMsgHandler called, host : 127.0.0.1:20200, seq : 1c48eec1033a4c4c90d125822cfcf63a, msgType : 19
[DEBUG] [2021-05-31 09:59:22] ChannelMsgHandler.onMessage(123) | onMessage in ChannelMsgHandler called, host : 127.0.0.1:20201, seq : 22ed2f09b9984be4846a725f700671dc, msgType : 19
[DEBUG] [2021-05-31 09:59:24] ChannelMsgHandler.onMessage(123) | onMessage in ChannelMsgHandler called, host : 127.0.0.1:20201, seq : dd1d68530e1a485f8f1ea5d2627feb10, msgType : 19
[DEBUG] [2021-05-31 09:59:24] ChannelMsgHandler.onMessage(123) | onMessage in ChannelMsgHandler called, host : 127.0.0.1:20200, seq : c03cd52ff035426e8147d767f08f28bb, msgType : 19
[DEBUG] [2021-05-31 09:59:26] ChannelMsgHandler.onMessage(123) | onMessage in ChannelMsgHandler called, host : 127.0.0.1:20200, seq : 4582adf4624647b5a3f7c52f7e9656cf, msgType : 19
[DEBUG] [2021-05-31 09:59:26] ChannelMsgHandler.onMessage(123) | onMessage in ChannelMsgHandler called, host : 127.0.0.1:20201, seq : 0dbdeb1c2eee49389b9823a77b1de872, msgType : 19
[DEBUG] [2021-05-31 09:59:28] ChannelMsgHandler.onMessage(123) | onMessage in ChannelMsgHandler called, host : 127.0.0.1:20200, seq : 8581c8c1641b4799a98d8daff6d8a4a6, msgType : 19
[DEBUG] [2021-05-31 09:59:28] ChannelMsgHandler.onMessage(123) | onMessage in ChannelMsgHandler called, host : 127.0.0.1:20201, seq : ad87b8efa9004febb15b64c8ec973062, msgType : 19
[DEBUG] [2021-05-31 09:59:30] ChannelMsgHandler.onMessage(123) | onMessage in ChannelMsgHandler called, host : 127.0.0.1:20201, seq : 1cac0ddad269428186338e398d7dbd76, msgType : 19
[DEBUG] [2021-05-31 09:59:30] ChannelMsgHandler.onMessage(123) | onMessage in ChannelMsgHandler called, host : 127.0.0.1:20200, seq : 288891f649934c8ba79334c9f355f624, msgType : 19
[DEBUG] [2021-05-31 09:59:32] ChannelMsgHandler.onMessage(123) | onMessage in ChannelMsgHandler called, host : 127.0.0.1:20200, seq : 191f91b4fce84df9a9c2504c766e3c3e, msgType : 19
[DEBUG] [2021-05-31 09:59:32] ChannelMsgHandler.onMessage(123) | onMessage in ChannelMsgHandler called, host : 127.0.0.1:20201, seq : aedd0e040c4240a1b87de486a7df7990, msgType : 19
[DEBUG] [2021-05-31 09:59:34] ChannelMsgHandler.onMessage(123) | onMessage in ChannelMsgHandler called, host : 127.0.0.1:20201, seq : 58ea40d3b7514ab4abeab7bb4bc8da07, msgType : 19
[DEBUG] [2021-05-31 09:59:34] ChannelMsgHandler.onMessage(123) | onMessage in ChannelMsgHandler called, host : 127.0.0.1:20200, seq : 832c5237d64647618d2799ff55421ed9, msgType : 19
[DEBUG] [2021-05-31 09:59:36] ChannelMsgHandler.onMessage(123) | onMessage in ChannelMsgHandler called, host : 127.0.0.1:20201, seq : bea6783cdabc4c2192557b9f876ced2c, msgType : 19
[DEBUG] [2021-05-31 09:59:36] ChannelMsgHandler.onMessage(123) | onMessage in ChannelMsgHandler called, host : 127.0.0.1:20200, seq : 671ba40cdb2349bfbdf223eba0000c7a, msgType : 19
[DEBUG] [2021-05-31 09:59:38] ChannelMsgHandler.onMessage(123) | onMessage in ChannelMsgHandler called, host : 127.0.0.1:20200, seq : b5db4c6710474ff3a63504058e30d1dc, msgType : 19
[DEBUG] [2021-05-31 09:59:38] ChannelMsgHandler.onMessage(123) | onMessage in ChannelMsgHandler called, host : 127.0.0.1:20201, seq : 8d5108c87772486f802ea2de503474a1, msgType : 19
[DEBUG] [2021-05-31 09:59:40] ChannelMsgHandler.onMessage(123) | onMessage in ChannelMsgHandler called, host : 127.0.0.1:20201, seq : 48530afe1ccc4753bc18d4ec7702036a, msgType : 19
[DEBUG] [2021-05-31 09:59:40] ChannelMsgHandler.onMessage(123) | onMessage in ChannelMsgHandler called, host : 127.0.0.1:20200, seq : fdee19e9dc83406c857d3446768372f9, msgType : 19
[DEBUG] [2021-05-31 09:59:42] ChannelMsgHandler.onMessage(123) | onMessage in ChannelMsgHandler called, host : 127.0.0.1:20201, seq : 8134eab8a96242cf912f69dda71b6bac, msgType : 19
[DEBUG] [2021-05-31 09:59:42] ChannelMsgHandler.onMessage(123) | onMessage in ChannelMsgHandler called, host : 127.0.0.1:20200, seq : 488b4af9f8e64564b8dcbb47a2344838, msgType : 19
[DEBUG] [2021-05-31 09:59:44] ChannelMsgHandler.onMessage(123) | onMessage in ChannelMsgHandler called, host : 127.0.0.1:20201, seq : bb7ade1a14fe4b91a0dc255b810d1976, msgType : 19
[DEBUG] [2021-05-31 09:59:44] ChannelMsgHandler.onMessage(123) | onMessage in ChannelMsgHandler called, host : 127.0.0.1:20200, seq : 35aa82590c8c44628173b806ff7e0b38, msgType : 19
[DEBUG] [2021-05-31 09:59:46] ChannelMsgHandler.onMessage(123) | onMessage in ChannelMsgHandler called, host : 127.0.0.1:20201, seq : 9ca022c5d8d344f8b3ec9269fdb43cfb, msgType : 19
[DEBUG] [2021-05-31 09:59:46] ChannelMsgHandler.onMessage(123) | onMessage in ChannelMsgHandler called, host : 127.0.0.1:20200, seq : 5273d9dd99d2499b91462e7da7426737, msgType : 19
[DEBUG] [2021-05-31 09:59:48] ChannelMsgHandler.onMessage(123) | onMessage in ChannelMsgHandler called, host : 127.0.0.1:20200, seq : 64e57141831946789f20a742adfc17ca, msgType : 19
[DEBUG] [2021-05-31 09:59:48] ChannelMsgHandler.onMessage(123) | onMessage in ChannelMsgHandler called, host : 127.0.0.1:20201, seq : 853ff8327e8b4addb5567ddaa2db484a, msgType : 19
[DEBUG] [2021-05-31 09:59:50] ChannelMsgHandler.onMessage(123) | onMessage in ChannelMsgHandler called, host : 127.0.0.1:20200, seq : ee505807b2124d3f8177e34417c372db, msgType : 19
[DEBUG] [2021-05-31 09:59:50] ChannelMsgHandler.onMessage(123) | onMessage in ChannelMsgHandler called, host : 127.0.0.1:20201, seq : ca9f2baa55b347d8a32a91e0d538b8d2, msgType : 19
[DEBUG] [2021-05-31 09:59:52] ChannelMsgHandler.onMessage(123) | onMessage in ChannelMsgHandler called, host : 127.0.0.1:20201, seq : 63108469ad114a9398192bb056d59706, msgType : 19
[DEBUG] [2021-05-31 09:59:52] ChannelMsgHandler.onMessage(123) | onMessage in ChannelMsgHandler called, host : 127.0.0.1:20200, seq : c7f59c03cb81419180cc26e119352680, msgType : 19
[DEBUG] [2021-05-31 09:59:54] ChannelMsgHandler.onMessage(123) | onMessage in ChannelMsgHandler called, host : 127.0.0.1:20200, seq : 0ba1aa01676d4e31aa476eb437d8c8a2, msgType : 19
[DEBUG] [2021-05-31 09:59:54] ChannelMsgHandler.onMessage(123) | onMessage in ChannelMsgHandler called, host : 127.0.0.1:20201, seq : 7f2530dcbd444b07a3d2aa8a3210bca3, msgType : 19
[DEBUG] [2021-05-31 09:59:56] ChannelMsgHandler.onMessage(123) | onMessage in ChannelMsgHandler called, host : 127.0.0.1:20200, seq : 0d0927b1015c4519bf36131ab9a5125f, msgType : 19
[DEBUG] [2021-05-31 09:59:56] ChannelMsgHandler.onMessage(123) | onMessage in ChannelMsgHandler called, host : 127.0.0.1:20201, seq : ac3cf8fe30784f46805420886d01541d, msgType : 19
[DEBUG] [2021-05-31 09:59:58] ChannelMsgHandler.onMessage(123) | onMessage in ChannelMsgHandler called, host : 127.0.0.1:20200, seq : 6b3397550cdc4f03b744541f07cf9686, msgType : 19
[DEBUG] [2021-05-31 09:59:58] ChannelMsgHandler.onMessage(123) | onMessage in ChannelMsgHandler called, host : 127.0.0.1:20201, seq : 96105303585b4b158874f1840bf37889, msgType : 19
